Using pre-set license
Built from '2020.3/release' branch; Version is '2020.3.12f1 (b3b2c6512326) revision 11776710'; Using compiler version '192528614'; Build Type 'Release'
OS: 'Windows 10 Home; OS build 19043.1165; Version 2009; 64bit' Language: 'en' Physical Memory: 8097 MB
BatchMode: 1, IsHumanControllingUs: 0, StartBugReporterOnCrash: 0, Is64bit: 1, IsPro: 0

 COMMAND LINE ARGUMENTS:
C:\Program Files\Unity\Hub\Editor\2020.3.12f1\Editor\Unity.exe
-adb2
-batchMode
-noUpm
-name
AssetImportWorker0
-projectPath
D:/School Game Dev/The-Environmentalist-Bear/The Environmentalist Bear
-logFile
Logs/AssetImportWorker0.log
-srvPort
51398
Successfully changed project path to: D:/School Game Dev/The-Environmentalist-Bear/The Environmentalist Bear
D:/School Game Dev/The-Environmentalist-Bear/The Environmentalist Bear
Using Asset Import Pipeline V2.
Refreshing native plugins compatible for Editor in 188.30 ms, found 3 plugins.
Preloading 0 native plugins for Editor in 0.00 ms.
Initialize engine version: 2020.3.12f1 (b3b2c6512326)
[Subsystems] Discovering subsystems at path C:/Program Files/Unity/Hub/Editor/2020.3.12f1/Editor/Data/Resources/UnitySubsystems
[Subsystems] Discovering subsystems at path D:/School Game Dev/The-Environmentalist-Bear/The Environmentalist Bear/Assets
GfxDevice: creating device client; threaded=0
Direct3D:
    Version:  Direct3D 11.0 [level 11.1]
    Renderer: Intel(R) UHD Graphics 620 (ID=0x5917)
    Vendor:   
    VRAM:     4048 MB
    Driver:   26.20.100.7323
Initialize mono
Mono path[0] = 'C:/Program Files/Unity/Hub/Editor/2020.3.12f1/Editor/Data/Managed'
Mono path[1] = 'C:/Program Files/Unity/Hub/Editor/2020.3.12f1/Editor/Data/MonoBleedingEdge/lib/mono/unityjit'
Mono config path = 'C:/Program Files/Unity/Hub/Editor/2020.3.12f1/Editor/Data/MonoBleedingEdge/etc'
Using monoOptions --debugger-agent=transport=dt_socket,embedding=1,server=y,suspend=n,address=127.0.0.1:56220
Begin MonoManager ReloadAssembly
Registering precompiled unity dll's ...
Register platform support module: C:/Program Files/Unity/Hub/Editor/2020.3.12f1/Editor/Data/PlaybackEngines/WindowsStandaloneSupport/UnityEditor.WindowsStandalone.Extensions.dll
Registered in 0.006925 seconds.
Native extension for WindowsStandalone target not found
Refreshing native plugins compatible for Editor in 129.84 ms, found 3 plugins.
Preloading 0 native plugins for Editor in 0.00 ms.
Mono: successfully reloaded assembly
- Completed reload, in  4.645 seconds
Platform modules already initialized, skipping
Registering precompiled user dll's ...
Registered in 0.013117 seconds.
Begin MonoManager ReloadAssembly
Native extension for WindowsStandalone target not found
Refreshing native plugins compatible for Editor in 115.20 ms, found 3 plugins.
Preloading 0 native plugins for Editor in 0.00 ms.
Mono: successfully reloaded assembly
- Completed reload, in  2.594 seconds
Platform modules already initialized, skipping
========================================================================
Worker process is ready to serve import requests
Launched and connected shader compiler UnityShaderCompiler.exe after 0.13 seconds
Refreshing native plugins compatible for Editor in 0.97 ms, found 3 plugins.
Preloading 0 native plugins for Editor in 0.00 ms.
Unloading 2125 Unused Serialized files (Serialized files now loaded: 0)
System memory in use before: 96.0 MB.
System memory in use after: 96.0 MB.

Unloading 33 unused Assets to reduce memory usage. Loaded Objects now: 2560.
Total: 4.680600 ms (FindLiveObjects: 0.351400 ms CreateObjectMapping: 0.163500 ms MarkObjects: 3.869400 ms  DeleteObjects: 0.294300 ms)

AssetImportParameters requested are different than current active one (requested -> active):
  custom:framework-win-MediaFoundation: 216162199b28c13a410421893ffa2e32 -> 
  custom:video-decoder-ogg-theora: a1e56fd34408186e4bbccfd4996cb3dc -> 
  custom:container-muxer-webm: aa71ff27fc2769a1b78a27578f13a17b -> 
  custom:container-demuxer-webm: 4f35f7cbe854078d1ac9338744f61a02 -> 
  custom:container-demuxer-ogg: 62fdf1f143b41e24485cea50d1cbac27 -> 
  custom:video-encoder-webm-vp8: eb34c28f22e8b96e1ab97ce403110664 -> 
  custom:video-codec-MediaFoundation-h265: 746d11721c4dcdbdad8f713fa42b33f4 -> 
  custom:video-decoder-webm-vp8: 9c59270c3fd7afecdb556c50c9e8de78 -> 
  custom:audio-decoder-ogg-vorbis: bf7c407c2cedff20999df2af8eb42d56 -> 
  custom:audio-encoder-webm-vorbis: bf7c407c2cedff20999df2af8eb42d56 -> 
========================================================================
Received Import Request.
  path: Assets/Animation/Elephant.controller
  artifactKey: Guid(f1dbbfd41cd4a64429dcf2c7df618e52) Importer(815301076,1909f56bfc062723c751e8b465ee728b)
Start importing Assets/Animation/Elephant.controller using Guid(f1dbbfd41cd4a64429dcf2c7df618e52) Importer(815301076,1909f56bfc062723c751e8b465ee728b)  -> (artifact id: '6e08b4cc600d488b05fa4edca1d5a4be') in 0.123682 seconds 
  Import took 0.129914 seconds .

========================================================================
Received Import Request.
  Time since last request: 0.000755 seconds.
  path: Assets/Animation/Elephant_Idle.anim
  artifactKey: Guid(826c9bd68e5ea1b43a692f467186cbd7) Importer(815301076,1909f56bfc062723c751e8b465ee728b)
Start importing Assets/Animation/Elephant_Idle.anim using Guid(826c9bd68e5ea1b43a692f467186cbd7) Importer(815301076,1909f56bfc062723c751e8b465ee728b)  -> (artifact id: '6d61bf0b52141e27c39971abb4d2fd3f') in 0.009564 seconds 
  Import took 0.015912 seconds .

========================================================================
Received Import Request.
  Time since last request: 0.112604 seconds.
  path: Assets/Animation/Grizzly_IdleLeft.anim
  artifactKey: Guid(4fa248900c92854449dac535cac33274) Importer(815301076,1909f56bfc062723c751e8b465ee728b)
Start importing Assets/Animation/Grizzly_IdleLeft.anim using Guid(4fa248900c92854449dac535cac33274) Importer(815301076,1909f56bfc062723c751e8b465ee728b)  -> (artifact id: '2639d791d5d4f79089947eccbb27864c') in 0.008189 seconds 
  Import took 0.015221 seconds .

========================================================================
Received Import Request.
  Time since last request: 0.721834 seconds.
  path: Assets/Animation/Grizzly_IdleRight.anim
  artifactKey: Guid(ce4670b0d6af83449b6d1a0f457fb5a7) Importer(815301076,1909f56bfc062723c751e8b465ee728b)
Start importing Assets/Animation/Grizzly_IdleRight.anim using Guid(ce4670b0d6af83449b6d1a0f457fb5a7) Importer(815301076,1909f56bfc062723c751e8b465ee728b)  -> (artifact id: '1a4d9a89639c61764d07f0bf6475dc10') in 0.005779 seconds 
  Import took 0.012696 seconds .

========================================================================
Received Import Request.
  Time since last request: 0.516436 seconds.
  path: Assets/Animation/Grizzly_MoveLeft.anim
  artifactKey: Guid(b52a4fe75333b574aaf21b88b8196795) Importer(815301076,1909f56bfc062723c751e8b465ee728b)
Start importing Assets/Animation/Grizzly_MoveLeft.anim using Guid(b52a4fe75333b574aaf21b88b8196795) Importer(815301076,1909f56bfc062723c751e8b465ee728b)  -> (artifact id: '55f3c92a6af95b4b5554bcacb2b15136') in 0.004947 seconds 
  Import took 0.013256 seconds .

========================================================================
Received Import Request.
  Time since last request: 0.448322 seconds.
  path: Assets/Animation/Grizzly_MoveRight.anim
  artifactKey: Guid(b3019d5970d9c3641a78428cb36a49d5) Importer(815301076,1909f56bfc062723c751e8b465ee728b)
Start importing Assets/Animation/Grizzly_MoveRight.anim using Guid(b3019d5970d9c3641a78428cb36a49d5) Importer(815301076,1909f56bfc062723c751e8b465ee728b)  -> (artifact id: 'c6d9fa9537a648467b1a5b4248bcb181') in 0.036554 seconds 
  Import took 0.043116 seconds .

========================================================================
Received Import Request.
  Time since last request: 0.620186 seconds.
  path: Assets/Animation/Player.controller
  artifactKey: Guid(0e932615548023841935bc43a5b2f7f5) Importer(815301076,1909f56bfc062723c751e8b465ee728b)
Start importing Assets/Animation/Player.controller using Guid(0e932615548023841935bc43a5b2f7f5) Importer(815301076,1909f56bfc062723c751e8b465ee728b)  -> (artifact id: 'c2577bbb39e43fe26c475faed40ed60f') in 0.008159 seconds 
  Import took 0.014668 seconds .

========================================================================
Received Import Request.
  Time since last request: 0.518370 seconds.
  path: Assets/Animation/Shark.controller
  artifactKey: Guid(40305b8b84871b34db91fb16ed50306e) Importer(815301076,1909f56bfc062723c751e8b465ee728b)
Start importing Assets/Animation/Shark.controller using Guid(40305b8b84871b34db91fb16ed50306e) Importer(815301076,1909f56bfc062723c751e8b465ee728b)  -> (artifact id: '57cf663779b74dff88740e90963bcd59') in 0.003057 seconds 
  Import took 0.006587 seconds .

========================================================================
Received Import Request.
  Time since last request: 0.337372 seconds.
  path: Assets/Animation/Shark_Idle.anim
  artifactKey: Guid(ff330273c5f15a34586c2ac7c7be7fd0) Importer(815301076,1909f56bfc062723c751e8b465ee728b)
Start importing Assets/Animation/Shark_Idle.anim using Guid(ff330273c5f15a34586c2ac7c7be7fd0) Importer(815301076,1909f56bfc062723c751e8b465ee728b)  -> (artifact id: '339a7b3865ed9f6ae3d9fe74b4db9812') in 0.002847 seconds 
  Import took 0.007393 seconds .

========================================================================
Received Import Request.
  Time since last request: 0.299039 seconds.
  path: Assets/Animation/Tiger.controller
  artifactKey: Guid(4bda6c6e5aa4a4941aac199bb643e173) Importer(815301076,1909f56bfc062723c751e8b465ee728b)
Start importing Assets/Animation/Tiger.controller using Guid(4bda6c6e5aa4a4941aac199bb643e173) Importer(815301076,1909f56bfc062723c751e8b465ee728b)  -> (artifact id: 'aeb8960dfc6bef5772b580ba49c4ca65') in 0.003133 seconds 
  Import took 0.007118 seconds .

========================================================================
Received Import Request.
  Time since last request: 0.307174 seconds.
  path: Assets/Animation/Tiger_Idle.anim
  artifactKey: Guid(e0e1aa52b4266a54881b7f229608b666) Importer(815301076,1909f56bfc062723c751e8b465ee728b)
Start importing Assets/Animation/Tiger_Idle.anim using Guid(e0e1aa52b4266a54881b7f229608b666) Importer(815301076,1909f56bfc062723c751e8b465ee728b)  -> (artifact id: '2295db1a484d86f8a1f30655b99b1e68') in 0.002685 seconds 
  Import took 0.006399 seconds .

========================================================================
Received Import Request.
  Time since last request: 0.296260 seconds.
  path: Assets/Animation/White Tiger.controller
  artifactKey: Guid(0e1f5c66ee4396649a65d5786bcc57ae) Importer(815301076,1909f56bfc062723c751e8b465ee728b)
Start importing Assets/Animation/White Tiger.controller using Guid(0e1f5c66ee4396649a65d5786bcc57ae) Importer(815301076,1909f56bfc062723c751e8b465ee728b)  -> (artifact id: 'bec22c78d06efb218fcdb5997692bf77') in 0.003375 seconds 
  Import took 0.007279 seconds .

========================================================================
Received Import Request.
  Time since last request: 0.320711 seconds.
  path: Assets/Animation/WhiteTiger_Idle.anim
  artifactKey: Guid(dca61dbf8de33f645a87c50c2010c4ce) Importer(815301076,1909f56bfc062723c751e8b465ee728b)
Start importing Assets/Animation/WhiteTiger_Idle.anim using Guid(dca61dbf8de33f645a87c50c2010c4ce) Importer(815301076,1909f56bfc062723c751e8b465ee728b)  -> (artifact id: 'e220b6b6a1917244f03a4e4e1a4deb3c') in 0.002734 seconds 
  Import took 0.006677 seconds .

========================================================================
Received Import Request.
  Time since last request: 111.920486 seconds.
  path: Assets/Distant Forest Assets/Green Forest
  artifactKey: Guid(71a5b482cfa23bc4eab9341b5ae152a0) Importer(815301076,1909f56bfc062723c751e8b465ee728b)
Start importing Assets/Distant Forest Assets/Green Forest using Guid(71a5b482cfa23bc4eab9341b5ae152a0) Importer(815301076,1909f56bfc062723c751e8b465ee728b)  -> (artifact id: '2337ebcacd4581068b644122d17e7262') in 0.025046 seconds 
  Import took 0.029437 seconds .

========================================================================
Received Import Request.
  Time since last request: 1.571026 seconds.
  path: Assets/Distant Forest Assets/Green Forest/ForestBgGreen_1.png
  artifactKey: Guid(970f9dfa4cbed064e97a1666cbacd6e1) Importer(815301076,1909f56bfc062723c751e8b465ee728b)
Start importing Assets/Distant Forest Assets/Green Forest/ForestBgGreen_1.png using Guid(970f9dfa4cbed064e97a1666cbacd6e1) Importer(815301076,1909f56bfc062723c751e8b465ee728b)  -> (artifact id: '2a493ce87c7a7c8c37535223d83f75d5') in 0.131038 seconds 
  Import took 0.135504 seconds .

========================================================================
Received Import Request.
  Time since last request: 0.000277 seconds.
  path: Assets/Distant Forest Assets/Green Forest/ForestBgLightGreen_3.png
  artifactKey: Guid(bc7e22974dfe74f4a9eec536705c905b) Importer(815301076,1909f56bfc062723c751e8b465ee728b)
Start importing Assets/Distant Forest Assets/Green Forest/ForestBgLightGreen_3.png using Guid(bc7e22974dfe74f4a9eec536705c905b) Importer(815301076,1909f56bfc062723c751e8b465ee728b)  -> (artifact id: 'c1662169f403f4f79cbe90289879905a') in 0.059419 seconds 
  Import took 0.063202 seconds .

========================================================================
Received Import Request.
  Time since last request: 0.000336 seconds.
  path: Assets/Distant Forest Assets/Green Forest/ForestPack1.png
  artifactKey: Guid(705ea5e4e94eb184d8976f1a82a21bcd) Importer(815301076,1909f56bfc062723c751e8b465ee728b)
Start importing Assets/Distant Forest Assets/Green Forest/ForestPack1.png using Guid(705ea5e4e94eb184d8976f1a82a21bcd) Importer(815301076,1909f56bfc062723c751e8b465ee728b)  -> (artifact id: '44e03f0e027e58924e55e2ba307370a7') in 0.210201 seconds 
  Import took 0.215322 seconds .

========================================================================
Received Import Request.
  Time since last request: 0.000490 seconds.
  path: Assets/Distant Forest Assets/Green Forest/ForestBgLightGreen_4.png
  artifactKey: Guid(7a47af75341180140976aed75d924861) Importer(815301076,1909f56bfc062723c751e8b465ee728b)
Start importing Assets/Distant Forest Assets/Green Forest/ForestBgLightGreen_4.png using Guid(7a47af75341180140976aed75d924861) Importer(815301076,1909f56bfc062723c751e8b465ee728b)  -> (artifact id: '822bd95b9ffed6f844bd1b3b02d00594') in 0.032662 seconds 
  Import took 0.037432 seconds .

========================================================================
Received Import Request.
  Time since last request: 0.000369 seconds.
  path: Assets/Distant Forest Assets/Green Forest/ForestPack2.png
  artifactKey: Guid(80b56071c13d4854cb913a323961d9a6) Importer(815301076,1909f56bfc062723c751e8b465ee728b)
Start importing Assets/Distant Forest Assets/Green Forest/ForestPack2.png using Guid(80b56071c13d4854cb913a323961d9a6) Importer(815301076,1909f56bfc062723c751e8b465ee728b)  -> (artifact id: '30aaab8ff61a251dc8d6fe18e138d25b') in 0.168112 seconds 
  Import took 0.173155 seconds .

========================================================================
Received Import Request.
  Time since last request: 0.000365 seconds.
  path: Assets/Distant Forest Assets/Green Forest/ForestBgLightGreen_2.png
  artifactKey: Guid(9ed2c2ebf2b182f429de1e32d7a18bc0) Importer(815301076,1909f56bfc062723c751e8b465ee728b)
Start importing Assets/Distant Forest Assets/Green Forest/ForestBgLightGreen_2.png using Guid(9ed2c2ebf2b182f429de1e32d7a18bc0) Importer(815301076,1909f56bfc062723c751e8b465ee728b)  -> (artifact id: '1f5c903c2bd3f1414eb4c617b6a9e180') in 0.025087 seconds 
  Import took 0.030232 seconds .

========================================================================
Received Import Request.
  Time since last request: 0.000429 seconds.
  path: Assets/Distant Forest Assets/Green Forest/ForestBgGreen_2.png
  artifactKey: Guid(463454a640eb5dc41945ef5ad77106a5) Importer(815301076,1909f56bfc062723c751e8b465ee728b)
Start importing Assets/Distant Forest Assets/Green Forest/ForestBgGreen_2.png using Guid(463454a640eb5dc41945ef5ad77106a5) Importer(815301076,1909f56bfc062723c751e8b465ee728b)  -> (artifact id: '5f7c43e87bbc91a62618811061c1e0ca') in 0.043708 seconds 
  Import took 0.049019 seconds .

========================================================================
Received Import Request.
  Time since last request: 0.000450 seconds.
  path: Assets/Distant Forest Assets/Green Forest/ForestBgLightGreen_1.png
  artifactKey: Guid(ca514bfb7dc13e246be99e87a0dd9907) Importer(815301076,1909f56bfc062723c751e8b465ee728b)
Start importing Assets/Distant Forest Assets/Green Forest/ForestBgLightGreen_1.png using Guid(ca514bfb7dc13e246be99e87a0dd9907) Importer(815301076,1909f56bfc062723c751e8b465ee728b)  -> (artifact id: 'e41ad248c0a0391aff20614471491854') in 0.044565 seconds 
  Import took 0.051773 seconds .

========================================================================
Received Import Request.
  Time since last request: 0.000230 seconds.
  path: Assets/Distant Forest Assets/Green Forest/ForestBgGreen_3.png
  artifactKey: Guid(374062332762c22458f8723c56e0629c) Importer(815301076,1909f56bfc062723c751e8b465ee728b)
Start importing Assets/Distant Forest Assets/Green Forest/ForestBgGreen_3.png using Guid(374062332762c22458f8723c56e0629c) Importer(815301076,1909f56bfc062723c751e8b465ee728b)  -> (artifact id: '2c2f02932d042be195275c101a27c85c') in 0.036394 seconds 
  Import took 0.047488 seconds .

========================================================================
Received Import Request.
  Time since last request: 0.000221 seconds.
  path: Assets/Distant Forest Assets/Green Forest/ForestBgGreen_4.png
  artifactKey: Guid(305f48e6ee3eafd4380ecdc296a99b90) Importer(815301076,1909f56bfc062723c751e8b465ee728b)
Start importing Assets/Distant Forest Assets/Green Forest/ForestBgGreen_4.png using Guid(305f48e6ee3eafd4380ecdc296a99b90) Importer(815301076,1909f56bfc062723c751e8b465ee728b)  -> (artifact id: '4d34747d01fe0f0ac98a0fb8abc135ca') in 0.036512 seconds 
  Import took 0.039681 seconds .

========================================================================
Received Import Request.
  Time since last request: 879.136404 seconds.
  path: Assets/Distant Forest Assets/Taiga Forest/TaigaBg_1.png
  artifactKey: Guid(6d333e9075ddf304fbb7e0fa947168cb) Importer(815301076,1909f56bfc062723c751e8b465ee728b)
Start importing Assets/Distant Forest Assets/Taiga Forest/TaigaBg_1.png using Guid(6d333e9075ddf304fbb7e0fa947168cb) Importer(815301076,1909f56bfc062723c751e8b465ee728b)  -> (artifact id: '87038a20225358f15aa72988df87f6d6') in 0.011992 seconds 
  Import took 0.017282 seconds .

========================================================================
Received Import Request.
  Time since last request: 0.000335 seconds.
  path: Assets/Distant Forest Assets/Taiga Forest/TaigaBg_4.png
  artifactKey: Guid(0a29b3286bbbe2f48aa7832458b4c185) Importer(815301076,1909f56bfc062723c751e8b465ee728b)
Start importing Assets/Distant Forest Assets/Taiga Forest/TaigaBg_4.png using Guid(0a29b3286bbbe2f48aa7832458b4c185) Importer(815301076,1909f56bfc062723c751e8b465ee728b)  -> (artifact id: '276608f74b698a89cd2a08c54bee7177') in 0.062838 seconds 
  Import took 0.065990 seconds .

========================================================================
Received Import Request.
  Time since last request: 0.000311 seconds.
  path: Assets/Distant Forest Assets/Taiga Forest/TaigaBg_2.png
  artifactKey: Guid(37627e03d6f221a4188f64e377dd4e1f) Importer(815301076,1909f56bfc062723c751e8b465ee728b)
Start importing Assets/Distant Forest Assets/Taiga Forest/TaigaBg_2.png using Guid(37627e03d6f221a4188f64e377dd4e1f) Importer(815301076,1909f56bfc062723c751e8b465ee728b)  -> (artifact id: 'b92c13983fd931f2362ee88a067a48f0') in 0.018234 seconds 
  Import took 0.021391 seconds .

========================================================================
Received Import Request.
  Time since last request: 0.000387 seconds.
  path: Assets/Distant Forest Assets/Taiga Forest/TaigaPack2.png
  artifactKey: Guid(017d33dc8eca67c4baae35677e758ae8) Importer(815301076,1909f56bfc062723c751e8b465ee728b)
Start importing Assets/Distant Forest Assets/Taiga Forest/TaigaPack2.png using Guid(017d33dc8eca67c4baae35677e758ae8) Importer(815301076,1909f56bfc062723c751e8b465ee728b)  -> (artifact id: '2f98e4ff93a811d7df6a40331f419637') in 0.160690 seconds 
  Import took 0.166897 seconds .

========================================================================
Received Import Request.
  Time since last request: 0.000373 seconds.
  path: Assets/Distant Forest Assets/Taiga Forest/TaigaBg_3.png
  artifactKey: Guid(b2b3a660a0b03784e9476b235dcd2bbd) Importer(815301076,1909f56bfc062723c751e8b465ee728b)
Start importing Assets/Distant Forest Assets/Taiga Forest/TaigaBg_3.png using Guid(b2b3a660a0b03784e9476b235dcd2bbd) Importer(815301076,1909f56bfc062723c751e8b465ee728b)  -> (artifact id: 'cd4b70e0843a22bdf94b785bcce34f9f') in 0.047355 seconds 
  Import took 0.051254 seconds .

========================================================================
Received Import Request.
  Time since last request: 0.000260 seconds.
  path: Assets/Distant Forest Assets/Taiga Forest/TaigaPack1.png
  artifactKey: Guid(7a7cbe6c4a73a9a45b0f200d31deb971) Importer(815301076,1909f56bfc062723c751e8b465ee728b)
Start importing Assets/Distant Forest Assets/Taiga Forest/TaigaPack1.png using Guid(7a7cbe6c4a73a9a45b0f200d31deb971) Importer(815301076,1909f56bfc062723c751e8b465ee728b)  -> (artifact id: 'e72a1b2ddd22f6ea92b78cbb261993fc') in 0.185723 seconds 
  Import took 0.189121 seconds .

========================================================================
Received Import Request.
  Time since last request: 1712.955303 seconds.
  path: Assets/Physics/CollideSlippery.physicsMaterial2D
  artifactKey: Guid(66cc350301b1bdf4a9a80ac36d1e8b40) Importer(815301076,1909f56bfc062723c751e8b465ee728b)
Start importing Assets/Physics/CollideSlippery.physicsMaterial2D using Guid(66cc350301b1bdf4a9a80ac36d1e8b40) Importer(815301076,1909f56bfc062723c751e8b465ee728b)  -> (artifact id: 'c9868ae97b3c7c30cc63f698ff72104f') in 0.038363 seconds 
  Import took 0.043631 seconds .

========================================================================
Received Import Request.
  Time since last request: 2.308784 seconds.
  path: Assets/Prefabs/Platform.prefab
  artifactKey: Guid(a586e6d8de1532d4fbddfd688ec3ca40) Importer(815301076,1909f56bfc062723c751e8b465ee728b)
Start importing Assets/Prefabs/Platform.prefab using Guid(a586e6d8de1532d4fbddfd688ec3ca40) Importer(815301076,1909f56bfc062723c751e8b465ee728b)  -> (artifact id: '0a6191fb9e8a55e2d230dfed7842e994') in 0.111670 seconds 
  Import took 0.115420 seconds .

========================================================================
Received Import Request.
  Time since last request: 0.000317 seconds.
  path: Assets/Prefabs/Wooden Crate.prefab
  artifactKey: Guid(39c163e4005636443b3987878bd03218) Importer(815301076,1909f56bfc062723c751e8b465ee728b)
Start importing Assets/Prefabs/Wooden Crate.prefab using Guid(39c163e4005636443b3987878bd03218) Importer(815301076,1909f56bfc062723c751e8b465ee728b)  -> (artifact id: 'fd34f0634d51379a7afbadeb05657bdb') in 0.089008 seconds 
  Import took 0.092086 seconds .

========================================================================
Received Import Request.
  Time since last request: 0.000343 seconds.
  path: Assets/Prefabs/Sewer.prefab
  artifactKey: Guid(0629bc56ffb05cc4c9eb7b5a8811cd2c) Importer(815301076,1909f56bfc062723c751e8b465ee728b)
Start importing Assets/Prefabs/Sewer.prefab using Guid(0629bc56ffb05cc4c9eb7b5a8811cd2c) Importer(815301076,1909f56bfc062723c751e8b465ee728b)  -> (artifact id: 'b4b7171227b9addbab5cbb4a2cb1147e') in 0.042677 seconds 
  Import took 0.047209 seconds .

========================================================================
Received Import Request.
  Time since last request: 0.000374 seconds.
  path: Assets/Prefabs/WoodenLog.prefab
  artifactKey: Guid(d86e3fe0cdb683a4ca515f1a186ee55d) Importer(815301076,1909f56bfc062723c751e8b465ee728b)
Start importing Assets/Prefabs/WoodenLog.prefab using Guid(d86e3fe0cdb683a4ca515f1a186ee55d) Importer(815301076,1909f56bfc062723c751e8b465ee728b)  -> (artifact id: '94b7f5ebb679d9bc3e9c2fc54fcf9417') in 0.031232 seconds 
  Import took 0.034716 seconds .

========================================================================
Received Import Request.
  Time since last request: 4.815436 seconds.
  path: Assets/Scenes/Level 3.unity
  artifactKey: Guid(08075af3e114e084f860f8304a1d52b8) Importer(815301076,1909f56bfc062723c751e8b465ee728b)
Start importing Assets/Scenes/Level 3.unity using Guid(08075af3e114e084f860f8304a1d52b8) Importer(815301076,1909f56bfc062723c751e8b465ee728b)  -> (artifact id: '48050386ff33ef2071cf5fb20aebfb27') in 0.003361 seconds 
  Import took 0.007950 seconds .

========================================================================
Received Import Request.
  Time since last request: 40.265880 seconds.
  path: Assets/Sprites/durian.png
  artifactKey: Guid(f1d06bb725e592649856842a8f84284d) Importer(815301076,1909f56bfc062723c751e8b465ee728b)
Start importing Assets/Sprites/durian.png using Guid(f1d06bb725e592649856842a8f84284d) Importer(815301076,1909f56bfc062723c751e8b465ee728b)  -> (artifact id: 'bc1423e2efe9c152844d4ef1f04d476a') in 0.063863 seconds 
  Import took 0.067525 seconds .

========================================================================
Received Import Request.
  Time since last request: 0.000351 seconds.
  path: Assets/Sprites/Wooden Crate.png
  artifactKey: Guid(25f8c2e81ab24c24d82c32daf856446f) Importer(815301076,1909f56bfc062723c751e8b465ee728b)
Start importing Assets/Sprites/Wooden Crate.png using Guid(25f8c2e81ab24c24d82c32daf856446f) Importer(815301076,1909f56bfc062723c751e8b465ee728b)  -> (artifact id: '7b799eb9ec19109499e40fefac202182') in 0.018974 seconds 
  Import took 0.022131 seconds .

========================================================================
Received Import Request.
  Time since last request: 0.000307 seconds.
  path: Assets/Sprites/WoodenLog.png
  artifactKey: Guid(712d9e080517aed4f9ee8494fc275511) Importer(815301076,1909f56bfc062723c751e8b465ee728b)
Start importing Assets/Sprites/WoodenLog.png using Guid(712d9e080517aed4f9ee8494fc275511) Importer(815301076,1909f56bfc062723c751e8b465ee728b)  -> (artifact id: '3ca9bc650e0d271c09d0cd2935cb8a89') in 0.008342 seconds 
  Import took 0.011780 seconds .

========================================================================
Received Import Request.
  Time since last request: 0.000355 seconds.
  path: Assets/Sprites/Pipe.png
  artifactKey: Guid(f27cdf7a5e64c0747a17dfa3f1905d6f) Importer(815301076,1909f56bfc062723c751e8b465ee728b)
Start importing Assets/Sprites/Pipe.png using Guid(f27cdf7a5e64c0747a17dfa3f1905d6f) Importer(815301076,1909f56bfc062723c751e8b465ee728b)  -> (artifact id: '663d3442ccbec766617c0fc47e92e39b') in 0.216984 seconds 
  Import took 0.220536 seconds .

========================================================================
Received Import Request.
  Time since last request: 0.000305 seconds.
  path: Assets/Sprites/factory.png
  artifactKey: Guid(48de97c3c80c02745bb721b7fa03ce6c) Importer(815301076,1909f56bfc062723c751e8b465ee728b)
Start importing Assets/Sprites/factory.png using Guid(48de97c3c80c02745bb721b7fa03ce6c) Importer(815301076,1909f56bfc062723c751e8b465ee728b)  -> (artifact id: '00d15b33818cf567f881acab238f76cd') in 0.039231 seconds 
  Import took 0.043171 seconds .

========================================================================
Received Import Request.
  Time since last request: 8.723287 seconds.
  path: Assets/Map/Trees and others
  artifactKey: Guid(a732637b928f49a48bfdab6021d52f0c) Importer(815301076,1909f56bfc062723c751e8b465ee728b)
Start importing Assets/Map/Trees and others using Guid(a732637b928f49a48bfdab6021d52f0c) Importer(815301076,1909f56bfc062723c751e8b465ee728b)  -> (artifact id: '4b7c2359cff4ac84aaad0734129cc131') in 0.039714 seconds 
  Import took 0.045698 seconds .

========================================================================
Received Import Request.
  Time since last request: 25.140686 seconds.
  path: Assets/Scenes/Level 1.unity
  artifactKey: Guid(e61af33cc0ad9f449808963b36046292) Importer(815301076,1909f56bfc062723c751e8b465ee728b)
Start importing Assets/Scenes/Level 1.unity using Guid(e61af33cc0ad9f449808963b36046292) Importer(815301076,1909f56bfc062723c751e8b465ee728b)  -> (artifact id: '596c05bd7aabe7582ea1780630666966') in 0.003351 seconds 
  Import took 0.008101 seconds .

AssetImportWorkerClient::OnTransportError - code=2 error=End of file
