Using pre-set license
Built from '2020.3/release' branch; Version is '2020.3.12f1 (b3b2c6512326) revision 11776710'; Using compiler version '192528614'; Build Type 'Release'
OS: 'Windows 10 Home; OS build 19043.1165; Version 2009; 64bit' Language: 'en' Physical Memory: 8097 MB
BatchMode: 1, IsHumanControllingUs: 0, StartBugReporterOnCrash: 0, Is64bit: 1, IsPro: 0

 COMMAND LINE ARGUMENTS:
C:\Program Files\Unity\Hub\Editor\2020.3.12f1\Editor\Unity.exe
-adb2
-batchMode
-noUpm
-name
AssetImportWorker0
-projectPath
D:/School Game Dev/The-Environmentalist-Bear/The Environmentalist Bear
-logFile
Logs/AssetImportWorker0.log
-srvPort
61541
Successfully changed project path to: D:/School Game Dev/The-Environmentalist-Bear/The Environmentalist Bear
D:/School Game Dev/The-Environmentalist-Bear/The Environmentalist Bear
Using Asset Import Pipeline V2.
Refreshing native plugins compatible for Editor in 64.65 ms, found 3 plugins.
Preloading 0 native plugins for Editor in 0.00 ms.
Initialize engine version: 2020.3.12f1 (b3b2c6512326)
[Subsystems] Discovering subsystems at path C:/Program Files/Unity/Hub/Editor/2020.3.12f1/Editor/Data/Resources/UnitySubsystems
[Subsystems] Discovering subsystems at path D:/School Game Dev/The-Environmentalist-Bear/The Environmentalist Bear/Assets
GfxDevice: creating device client; threaded=0
Direct3D:
    Version:  Direct3D 11.0 [level 11.1]
    Renderer: Intel(R) UHD Graphics 620 (ID=0x5917)
    Vendor:   
    VRAM:     4048 MB
    Driver:   26.20.100.7323
Initialize mono
Mono path[0] = 'C:/Program Files/Unity/Hub/Editor/2020.3.12f1/Editor/Data/Managed'
Mono path[1] = 'C:/Program Files/Unity/Hub/Editor/2020.3.12f1/Editor/Data/MonoBleedingEdge/lib/mono/unityjit'
Mono config path = 'C:/Program Files/Unity/Hub/Editor/2020.3.12f1/Editor/Data/MonoBleedingEdge/etc'
Using monoOptions --debugger-agent=transport=dt_socket,embedding=1,server=y,suspend=n,address=127.0.0.1:56644
Begin MonoManager ReloadAssembly
Registering precompiled unity dll's ...
Register platform support module: C:/Program Files/Unity/Hub/Editor/2020.3.12f1/Editor/Data/PlaybackEngines/WindowsStandaloneSupport/UnityEditor.WindowsStandalone.Extensions.dll
Registered in 0.003040 seconds.
Native extension for WindowsStandalone target not found
Refreshing native plugins compatible for Editor in 58.95 ms, found 3 plugins.
Preloading 0 native plugins for Editor in 0.00 ms.
Mono: successfully reloaded assembly
- Completed reload, in  1.400 seconds
Platform modules already initialized, skipping
Registering precompiled user dll's ...
Registered in 0.006276 seconds.
Begin MonoManager ReloadAssembly
Native extension for WindowsStandalone target not found
Refreshing native plugins compatible for Editor in 183.97 ms, found 3 plugins.
Preloading 0 native plugins for Editor in 0.00 ms.
Mono: successfully reloaded assembly
- Completed reload, in  2.352 seconds
Platform modules already initialized, skipping
========================================================================
Worker process is ready to serve import requests
Launched and connected shader compiler UnityShaderCompiler.exe after 0.15 seconds
Refreshing native plugins compatible for Editor in 1.64 ms, found 3 plugins.
Preloading 0 native plugins for Editor in 0.00 ms.
Unloading 2134 Unused Serialized files (Serialized files now loaded: 0)
System memory in use before: 96.2 MB.
System memory in use after: 96.2 MB.

Unloading 33 unused Assets to reduce memory usage. Loaded Objects now: 2569.
Total: 4.239900 ms (FindLiveObjects: 0.311900 ms CreateObjectMapping: 0.159500 ms MarkObjects: 3.537600 ms  DeleteObjects: 0.229500 ms)

AssetImportParameters requested are different than current active one (requested -> active):
  custom:framework-win-MediaFoundation: 216162199b28c13a410421893ffa2e32 -> 
  custom:video-decoder-ogg-theora: a1e56fd34408186e4bbccfd4996cb3dc -> 
  custom:container-muxer-webm: aa71ff27fc2769a1b78a27578f13a17b -> 
  custom:container-demuxer-webm: 4f35f7cbe854078d1ac9338744f61a02 -> 
  custom:container-demuxer-ogg: 62fdf1f143b41e24485cea50d1cbac27 -> 
  custom:video-encoder-webm-vp8: eb34c28f22e8b96e1ab97ce403110664 -> 
  custom:video-codec-MediaFoundation-h265: 746d11721c4dcdbdad8f713fa42b33f4 -> 
  custom:video-decoder-webm-vp8: 9c59270c3fd7afecdb556c50c9e8de78 -> 
  custom:audio-decoder-ogg-vorbis: bf7c407c2cedff20999df2af8eb42d56 -> 
  custom:audio-encoder-webm-vorbis: bf7c407c2cedff20999df2af8eb42d56 -> 
========================================================================
Received Import Request.
  path: Assets/Prefabs/Pot.prefab
  artifactKey: Guid(53764f04812e95948884322ac0c6415a) Importer(815301076,1909f56bfc062723c751e8b465ee728b)
Start importing Assets/Prefabs/Pot.prefab using Guid(53764f04812e95948884322ac0c6415a) Importer(815301076,1909f56bfc062723c751e8b465ee728b)  -> (artifact id: 'b33f3df01da3f7614a8b8d0a91dfca15') in 0.250155 seconds 
  Import took 0.256667 seconds .

========================================================================
Received Import Request.
  Time since last request: 9.008544 seconds.
  path: Assets/Prefabs/Pot.prefab
  artifactKey: Guid(53764f04812e95948884322ac0c6415a) Importer(815301076,1909f56bfc062723c751e8b465ee728b)
Start importing Assets/Prefabs/Pot.prefab using Guid(53764f04812e95948884322ac0c6415a) Importer(815301076,1909f56bfc062723c751e8b465ee728b)  -> (artifact id: 'd30f1e293b6a51aa332729dffe397d3c') in 0.008753 seconds 
  Import took 0.013634 seconds .

========================================================================
Received Import Request.
  Time since last request: 50.965815 seconds.
  path: Assets/Prefabs/Pot.prefab
  artifactKey: Guid(53764f04812e95948884322ac0c6415a) Importer(815301076,1909f56bfc062723c751e8b465ee728b)
Start importing Assets/Prefabs/Pot.prefab using Guid(53764f04812e95948884322ac0c6415a) Importer(815301076,1909f56bfc062723c751e8b465ee728b)  -> (artifact id: 'a781a26b43e7fe09a8e08f45d5f115fd') in 0.010843 seconds 
  Import took 0.015475 seconds .

========================================================================
Received Import Request.
  Time since last request: 82.349479 seconds.
  path: Assets/Prefabs/Sapling1.prefab
  artifactKey: Guid(6a05afc8246008541b4abaa90fd74bfb) Importer(815301076,1909f56bfc062723c751e8b465ee728b)
Start importing Assets/Prefabs/Sapling1.prefab using Guid(6a05afc8246008541b4abaa90fd74bfb) Importer(815301076,1909f56bfc062723c751e8b465ee728b)  -> (artifact id: '5fddb905257ea5a758759ee143161f2b') in 0.013952 seconds 
  Import took 0.017954 seconds .

========================================================================
Received Import Request.
  Time since last request: 0.012586 seconds.
  path: Assets/Prefabs/Sapling1.prefab
  artifactKey: Guid(6a05afc8246008541b4abaa90fd74bfb) Importer(815301076,1909f56bfc062723c751e8b465ee728b)
Start importing Assets/Prefabs/Sapling1.prefab using Guid(6a05afc8246008541b4abaa90fd74bfb) Importer(815301076,1909f56bfc062723c751e8b465ee728b)  -> (artifact id: '5fddb905257ea5a758759ee143161f2b') in 0.008667 seconds 
  Import took 0.013056 seconds .

========================================================================
Received Import Request.
  Time since last request: 253.695386 seconds.
  path: Assets/Scenes/Level 1.unity
  artifactKey: Guid(e61af33cc0ad9f449808963b36046292) Importer(815301076,1909f56bfc062723c751e8b465ee728b)
Start importing Assets/Scenes/Level 1.unity using Guid(e61af33cc0ad9f449808963b36046292) Importer(815301076,1909f56bfc062723c751e8b465ee728b)  -> (artifact id: 'eb726ae2756043ed4a69a193406be28a') in 0.003296 seconds 
  Import took 0.008618 seconds .

========================================================================
Received Prepare
Registering precompiled user dll's ...
Registered in 0.004467 seconds.
Begin MonoManager ReloadAssembly
Native extension for WindowsStandalone target not found
Refreshing native plugins compatible for Editor in 1.01 ms, found 3 plugins.
Preloading 0 native plugins for Editor in 0.00 ms.
Mono: successfully reloaded assembly
- Completed reload, in  2.835 seconds
Platform modules already initialized, skipping
Refreshing native plugins compatible for Editor in 1.16 ms, found 3 plugins.
Preloading 0 native plugins for Editor in 0.00 ms.
Unloading 2116 Unused Serialized files (Serialized files now loaded: 0)
System memory in use before: 97.9 MB.
System memory in use after: 97.9 MB.

Unloading 21 unused Assets to reduce memory usage. Loaded Objects now: 2580.
Total: 7.720400 ms (FindLiveObjects: 0.480600 ms CreateObjectMapping: 1.283700 ms MarkObjects: 5.755200 ms  DeleteObjects: 0.198000 ms)

AssetImportParameters requested are different than current active one (requested -> active):
  custom:framework-win-MediaFoundation: 216162199b28c13a410421893ffa2e32 -> 
  custom:video-decoder-ogg-theora: a1e56fd34408186e4bbccfd4996cb3dc -> 
  custom:container-muxer-webm: aa71ff27fc2769a1b78a27578f13a17b -> 
  custom:container-demuxer-webm: 4f35f7cbe854078d1ac9338744f61a02 -> 
  custom:container-demuxer-ogg: 62fdf1f143b41e24485cea50d1cbac27 -> 
  custom:video-encoder-webm-vp8: eb34c28f22e8b96e1ab97ce403110664 -> 
  custom:video-codec-MediaFoundation-h265: 746d11721c4dcdbdad8f713fa42b33f4 -> 
  custom:video-decoder-webm-vp8: 9c59270c3fd7afecdb556c50c9e8de78 -> 
  custom:audio-decoder-ogg-vorbis: bf7c407c2cedff20999df2af8eb42d56 -> 
  custom:audio-encoder-webm-vorbis: bf7c407c2cedff20999df2af8eb42d56 -> 
========================================================================
Received Import Request.
  Time since last request: 22.610471 seconds.
  path: Assets/Simple Buttons/Buttons Style 13 (Rounded Gray)/ButtonsStyle13_14.png
  artifactKey: Guid(a3296cdb25cf4514e97c6f89a393de8f) Importer(815301076,1909f56bfc062723c751e8b465ee728b)
Start importing Assets/Simple Buttons/Buttons Style 13 (Rounded Gray)/ButtonsStyle13_14.png using Guid(a3296cdb25cf4514e97c6f89a393de8f) Importer(815301076,1909f56bfc062723c751e8b465ee728b)  -> (artifact id: 'b9cad70aed111bdd9f3c7984294ec438') in 0.248720 seconds 
  Import took 0.255055 seconds .

========================================================================
Received Import Request.
  Time since last request: 0.000476 seconds.
  path: Assets/Simple Buttons/Buttons Style 13 (Rounded Gray)/ButtonsStyle13_07.png
  artifactKey: Guid(ecbfe3128aa0b76489931b170dd56a8b) Importer(815301076,1909f56bfc062723c751e8b465ee728b)
Start importing Assets/Simple Buttons/Buttons Style 13 (Rounded Gray)/ButtonsStyle13_07.png using Guid(ecbfe3128aa0b76489931b170dd56a8b) Importer(815301076,1909f56bfc062723c751e8b465ee728b)  -> (artifact id: '969af1cefd875cb54125b4909c3ee7a7') in 0.062221 seconds 
  Import took 0.069202 seconds .

========================================================================
Received Import Request.
  Time since last request: 0.000449 seconds.
  path: Assets/Simple Buttons/Buttons Style 13 (Rounded Gray)/ButtonsStyle13_08.png
  artifactKey: Guid(cefd462596f26e04fb164159e916aa9e) Importer(815301076,1909f56bfc062723c751e8b465ee728b)
Start importing Assets/Simple Buttons/Buttons Style 13 (Rounded Gray)/ButtonsStyle13_08.png using Guid(cefd462596f26e04fb164159e916aa9e) Importer(815301076,1909f56bfc062723c751e8b465ee728b)  -> (artifact id: '9c87917060cd6b5e9d3bca2c957086a3') in 0.030874 seconds 
  Import took 0.038264 seconds .

========================================================================
Received Import Request.
  Time since last request: 0.000441 seconds.
  path: Assets/Simple Buttons/Buttons Style 13 (Rounded Gray)/ButtonsStyle13_09.png
  artifactKey: Guid(902bfc577b6e85e4c840ba73a0bd9509) Importer(815301076,1909f56bfc062723c751e8b465ee728b)
Start importing Assets/Simple Buttons/Buttons Style 13 (Rounded Gray)/ButtonsStyle13_09.png using Guid(902bfc577b6e85e4c840ba73a0bd9509) Importer(815301076,1909f56bfc062723c751e8b465ee728b)  -> (artifact id: '8a194b018dae87e3fdbc604c8ec93547') in 0.046489 seconds 
  Import took 0.053248 seconds .

========================================================================
Received Import Request.
  Time since last request: 0.000408 seconds.
  path: Assets/Simple Buttons/Buttons Style 13 (Rounded Gray)/ButtonsStyle13_12.png
  artifactKey: Guid(39f89eeba29c0a24f8ccc5d342d6b7a6) Importer(815301076,1909f56bfc062723c751e8b465ee728b)
Start importing Assets/Simple Buttons/Buttons Style 13 (Rounded Gray)/ButtonsStyle13_12.png using Guid(39f89eeba29c0a24f8ccc5d342d6b7a6) Importer(815301076,1909f56bfc062723c751e8b465ee728b)  -> (artifact id: '40b4ca2ea8a6d8668705b04e09d5d372') in 0.031056 seconds 
  Import took 0.037498 seconds .

========================================================================
Received Import Request.
  Time since last request: 0.000447 seconds.
  path: Assets/Simple Buttons/Buttons Style 13 (Rounded Gray)/ButtonsStyle13_23.png
  artifactKey: Guid(6b5a2f873767ee942abb08ec75ee4d4f) Importer(815301076,1909f56bfc062723c751e8b465ee728b)
Start importing Assets/Simple Buttons/Buttons Style 13 (Rounded Gray)/ButtonsStyle13_23.png using Guid(6b5a2f873767ee942abb08ec75ee4d4f) Importer(815301076,1909f56bfc062723c751e8b465ee728b)  -> (artifact id: '8a8bc46c9f745343781d110f744c94f2') in 0.024632 seconds 
  Import took 0.032969 seconds .

========================================================================
Received Import Request.
  Time since last request: 0.000505 seconds.
  path: Assets/Simple Buttons/Buttons Style 13 (Rounded Gray)/ButtonsStyle13_24.png
  artifactKey: Guid(305d32daf9f44794d8a18b5775b63e01) Importer(815301076,1909f56bfc062723c751e8b465ee728b)
Start importing Assets/Simple Buttons/Buttons Style 13 (Rounded Gray)/ButtonsStyle13_24.png using Guid(305d32daf9f44794d8a18b5775b63e01) Importer(815301076,1909f56bfc062723c751e8b465ee728b)  -> (artifact id: '13466f3f8d80995d90fe0f11eb0f02ce') in 0.035223 seconds 
  Import took 0.042266 seconds .

========================================================================
Received Import Request.
  Time since last request: 0.000451 seconds.
  path: Assets/Simple Buttons/Buttons Style 13 (Rounded Gray)/ButtonsStyle13_06.png
  artifactKey: Guid(cbdc17ef3e1fe3a40b6bf83f17006e93) Importer(815301076,1909f56bfc062723c751e8b465ee728b)
Start importing Assets/Simple Buttons/Buttons Style 13 (Rounded Gray)/ButtonsStyle13_06.png using Guid(cbdc17ef3e1fe3a40b6bf83f17006e93) Importer(815301076,1909f56bfc062723c751e8b465ee728b)  -> (artifact id: '726b9bb0360461181b1c164a55659b0a') in 0.019286 seconds 
  Import took 0.027502 seconds .

========================================================================
Received Import Request.
  Time since last request: 0.000472 seconds.
  path: Assets/Simple Buttons/Buttons Style 13 (Rounded Gray)/ButtonsStyle13_04.png
  artifactKey: Guid(5b0c6ee67e3bec44985e73a81139d61e) Importer(815301076,1909f56bfc062723c751e8b465ee728b)
Start importing Assets/Simple Buttons/Buttons Style 13 (Rounded Gray)/ButtonsStyle13_04.png using Guid(5b0c6ee67e3bec44985e73a81139d61e) Importer(815301076,1909f56bfc062723c751e8b465ee728b)  -> (artifact id: 'aba4f9d83d9e7942053e01549d54f4f9') in 0.020903 seconds 
  Import took 0.029075 seconds .

========================================================================
Received Import Request.
  Time since last request: 0.000535 seconds.
  path: Assets/Simple Buttons/Buttons Style 13 (Rounded Gray)/ButtonsStyle13_19.png
  artifactKey: Guid(cad9d120e1a74e24e8ae73cbb84b7bd1) Importer(815301076,1909f56bfc062723c751e8b465ee728b)
Start importing Assets/Simple Buttons/Buttons Style 13 (Rounded Gray)/ButtonsStyle13_19.png using Guid(cad9d120e1a74e24e8ae73cbb84b7bd1) Importer(815301076,1909f56bfc062723c751e8b465ee728b)  -> (artifact id: '4fae3c9b3477c1006ace01cf232ec03f') in 0.034665 seconds 
  Import took 0.042717 seconds .

========================================================================
Received Import Request.
  Time since last request: 0.000527 seconds.
  path: Assets/Simple Buttons/Buttons Style 13 (Rounded Gray)/ButtonsStyle13_21.png
  artifactKey: Guid(5a2e7a936bf911041b02e1ee52a16113) Importer(815301076,1909f56bfc062723c751e8b465ee728b)
Start importing Assets/Simple Buttons/Buttons Style 13 (Rounded Gray)/ButtonsStyle13_21.png using Guid(5a2e7a936bf911041b02e1ee52a16113) Importer(815301076,1909f56bfc062723c751e8b465ee728b)  -> (artifact id: '5144189f5ba476281fb83c6ea9c8fce5') in 0.031600 seconds 
  Import took 0.040390 seconds .

========================================================================
Received Import Request.
  Time since last request: 0.000506 seconds.
  path: Assets/Simple Buttons/Buttons Style 13 (Rounded Gray)/ButtonsStyle13_25.png
  artifactKey: Guid(59ac35daa1e5ef243bf043bfc50d7702) Importer(815301076,1909f56bfc062723c751e8b465ee728b)
Start importing Assets/Simple Buttons/Buttons Style 13 (Rounded Gray)/ButtonsStyle13_25.png using Guid(59ac35daa1e5ef243bf043bfc50d7702) Importer(815301076,1909f56bfc062723c751e8b465ee728b)  -> (artifact id: '2ba0cf367e9dd310a01785809d300642') in 0.038709 seconds 
  Import took 0.045989 seconds .

========================================================================
Received Import Request.
  Time since last request: 0.000447 seconds.
  path: Assets/Simple Buttons/Buttons Style 13 (Rounded Gray)/ButtonsStyle13_22.png
  artifactKey: Guid(588c4b10e0598074da85f7011d324573) Importer(815301076,1909f56bfc062723c751e8b465ee728b)
Start importing Assets/Simple Buttons/Buttons Style 13 (Rounded Gray)/ButtonsStyle13_22.png using Guid(588c4b10e0598074da85f7011d324573) Importer(815301076,1909f56bfc062723c751e8b465ee728b)  -> (artifact id: '2ed3b03c31e03a780e87653f19c74df8') in 0.018828 seconds 
  Import took 0.025583 seconds .

========================================================================
Received Import Request.
  Time since last request: 0.000445 seconds.
  path: Assets/Simple Buttons/Buttons Style 13 (Rounded Gray)/ButtonsStyle13_02.png
  artifactKey: Guid(af2513c34a7371c459516acc8c793232) Importer(815301076,1909f56bfc062723c751e8b465ee728b)
Start importing Assets/Simple Buttons/Buttons Style 13 (Rounded Gray)/ButtonsStyle13_02.png using Guid(af2513c34a7371c459516acc8c793232) Importer(815301076,1909f56bfc062723c751e8b465ee728b)  -> (artifact id: 'c7c44198b383ed39e0875ff25e146365') in 0.042991 seconds 
  Import took 0.050753 seconds .

========================================================================
Received Import Request.
  Time since last request: 0.000492 seconds.
  path: Assets/Simple Buttons/Buttons Style 13 (Rounded Gray)/ButtonsStyle13_03.png
  artifactKey: Guid(06651342c38834e4e9db2134d566a069) Importer(815301076,1909f56bfc062723c751e8b465ee728b)
Start importing Assets/Simple Buttons/Buttons Style 13 (Rounded Gray)/ButtonsStyle13_03.png using Guid(06651342c38834e4e9db2134d566a069) Importer(815301076,1909f56bfc062723c751e8b465ee728b)  -> (artifact id: '960ba2a381ba74d79511f4519e83696e') in 0.017702 seconds 
  Import took 0.027873 seconds .

========================================================================
Received Import Request.
  Time since last request: 0.000658 seconds.
  path: Assets/Simple Buttons/Buttons Style 13 (Rounded Gray)/ButtonsStyle13_20.png
  artifactKey: Guid(1236a8c5eae55cd4b8aeb63d7c9ead22) Importer(815301076,1909f56bfc062723c751e8b465ee728b)
Start importing Assets/Simple Buttons/Buttons Style 13 (Rounded Gray)/ButtonsStyle13_20.png using Guid(1236a8c5eae55cd4b8aeb63d7c9ead22) Importer(815301076,1909f56bfc062723c751e8b465ee728b)  -> (artifact id: '48aed5c6fd60d76d519ee64a21fb37a8') in 0.026865 seconds 
  Import took 0.036397 seconds .

========================================================================
Received Import Request.
  Time since last request: 0.000415 seconds.
  path: Assets/Simple Buttons/Buttons Style 13 (Rounded Gray)/ButtonsStyle13_15.png
  artifactKey: Guid(c67be3a05d582c34199663cf1073536e) Importer(815301076,1909f56bfc062723c751e8b465ee728b)
Start importing Assets/Simple Buttons/Buttons Style 13 (Rounded Gray)/ButtonsStyle13_15.png using Guid(c67be3a05d582c34199663cf1073536e) Importer(815301076,1909f56bfc062723c751e8b465ee728b)  -> (artifact id: '75160342c446a344a0b56886d64e617b') in 0.029194 seconds 
  Import took 0.036187 seconds .

========================================================================
Received Import Request.
  Time since last request: 0.000481 seconds.
  path: Assets/Simple Buttons/Buttons Style 13 (Rounded Gray)/ButtonsStyle13_10.png
  artifactKey: Guid(a363ef1163b8df64dab2c971cd9cad5b) Importer(815301076,1909f56bfc062723c751e8b465ee728b)
Start importing Assets/Simple Buttons/Buttons Style 13 (Rounded Gray)/ButtonsStyle13_10.png using Guid(a363ef1163b8df64dab2c971cd9cad5b) Importer(815301076,1909f56bfc062723c751e8b465ee728b)  -> (artifact id: '078c6179142a0c741de6f7bec6c7762f') in 0.026976 seconds 
  Import took 0.034273 seconds .

========================================================================
Received Import Request.
  Time since last request: 0.000968 seconds.
  path: Assets/Simple Buttons/Buttons Style 13 (Rounded Gray)/ButtonsStyle13_11.png
  artifactKey: Guid(4a48c4135af2b4c43b7c47ca7daff0f7) Importer(815301076,1909f56bfc062723c751e8b465ee728b)
Start importing Assets/Simple Buttons/Buttons Style 13 (Rounded Gray)/ButtonsStyle13_11.png using Guid(4a48c4135af2b4c43b7c47ca7daff0f7) Importer(815301076,1909f56bfc062723c751e8b465ee728b)  -> (artifact id: 'd43f9721573bdbd5c5f61887545acf8b') in 0.038978 seconds 
  Import took 0.050928 seconds .

========================================================================
Received Import Request.
  Time since last request: 0.001306 seconds.
  path: Assets/Simple Buttons/Buttons Style 13 (Rounded Gray)/ButtonsStyle13_01.png
  artifactKey: Guid(9f3fe5aee49ffcf45b0b8cdc8afe1707) Importer(815301076,1909f56bfc062723c751e8b465ee728b)
Start importing Assets/Simple Buttons/Buttons Style 13 (Rounded Gray)/ButtonsStyle13_01.png using Guid(9f3fe5aee49ffcf45b0b8cdc8afe1707) Importer(815301076,1909f56bfc062723c751e8b465ee728b)  -> (artifact id: '533a7ef7d631223cc2a599be89e31e98') in 0.039134 seconds 
  Import took 0.048111 seconds .

========================================================================
Received Import Request.
  Time since last request: 0.000463 seconds.
  path: Assets/Simple Buttons/Buttons Style 13 (Rounded Gray)/ButtonsStyle13_26.png
  artifactKey: Guid(fb046daefe74eb440a08873cede85e44) Importer(815301076,1909f56bfc062723c751e8b465ee728b)
Start importing Assets/Simple Buttons/Buttons Style 13 (Rounded Gray)/ButtonsStyle13_26.png using Guid(fb046daefe74eb440a08873cede85e44) Importer(815301076,1909f56bfc062723c751e8b465ee728b)  -> (artifact id: '4f93c76523d4a24484a1f9dc54e3dd80') in 0.019267 seconds 
  Import took 0.027194 seconds .

========================================================================
Received Import Request.
  Time since last request: 0.000457 seconds.
  path: Assets/Simple Buttons/Buttons Style 13 (Rounded Gray)/ButtonsStyle13_18.png
  artifactKey: Guid(ee0b7ca196df7d64293a3b1f31fe821b) Importer(815301076,1909f56bfc062723c751e8b465ee728b)
Start importing Assets/Simple Buttons/Buttons Style 13 (Rounded Gray)/ButtonsStyle13_18.png using Guid(ee0b7ca196df7d64293a3b1f31fe821b) Importer(815301076,1909f56bfc062723c751e8b465ee728b)  -> (artifact id: 'a0f855cb3ad548d18e94cc9e7c95162b') in 0.036055 seconds 
  Import took 0.043632 seconds .

========================================================================
Received Import Request.
  Time since last request: 0.000407 seconds.
  path: Assets/Simple Buttons/Buttons Style 13 (Rounded Gray)/ButtonsStyle13_13.png
  artifactKey: Guid(f600ea16578248d4ea3dabcfb65ac55f) Importer(815301076,1909f56bfc062723c751e8b465ee728b)
Start importing Assets/Simple Buttons/Buttons Style 13 (Rounded Gray)/ButtonsStyle13_13.png using Guid(f600ea16578248d4ea3dabcfb65ac55f) Importer(815301076,1909f56bfc062723c751e8b465ee728b)  -> (artifact id: 'c760d0f77bfa9531fb1a3185817a6bed') in 0.032609 seconds 
  Import took 0.038969 seconds .

========================================================================
Received Import Request.
  Time since last request: 0.000461 seconds.
  path: Assets/Simple Buttons/Buttons Style 13 (Rounded Gray)/ButtonsStyle13_05.png
  artifactKey: Guid(e0c950c002fffa14fa7276e27510ea97) Importer(815301076,1909f56bfc062723c751e8b465ee728b)
Start importing Assets/Simple Buttons/Buttons Style 13 (Rounded Gray)/ButtonsStyle13_05.png using Guid(e0c950c002fffa14fa7276e27510ea97) Importer(815301076,1909f56bfc062723c751e8b465ee728b)  -> (artifact id: '0af11e7270997a532372377369327fba') in 0.029680 seconds 
  Import took 0.040413 seconds .

========================================================================
Received Import Request.
  Time since last request: 0.000446 seconds.
  path: Assets/Simple Buttons/Buttons Style 13 (Rounded Gray)/ButtonsStyle13_17.png
  artifactKey: Guid(175d4903cdf3baa44b0bba9ca532fb7c) Importer(815301076,1909f56bfc062723c751e8b465ee728b)
Start importing Assets/Simple Buttons/Buttons Style 13 (Rounded Gray)/ButtonsStyle13_17.png using Guid(175d4903cdf3baa44b0bba9ca532fb7c) Importer(815301076,1909f56bfc062723c751e8b465ee728b)  -> (artifact id: '26bc5e476c21f021738eee1ceb3300a0') in 0.028441 seconds 
  Import took 0.035101 seconds .

========================================================================
Received Import Request.
  Time since last request: 0.000511 seconds.
  path: Assets/Simple Buttons/Buttons Style 13 (Rounded Gray)/ButtonsStyle13_16.png
  artifactKey: Guid(5d6a368a046a4b24d99db886d9193896) Importer(815301076,1909f56bfc062723c751e8b465ee728b)
Start importing Assets/Simple Buttons/Buttons Style 13 (Rounded Gray)/ButtonsStyle13_16.png using Guid(5d6a368a046a4b24d99db886d9193896) Importer(815301076,1909f56bfc062723c751e8b465ee728b)  -> (artifact id: '86048fc7cec563fb91ffba6e9c65d923') in 0.024128 seconds 
  Import took 0.030824 seconds .

AssetImportWorkerClient::OnTransportError - code=2 error=End of file
