Using pre-set license
Built from '2020.3/release' branch; Version is '2020.3.12f1 (b3b2c6512326) revision 11776710'; Using compiler version '192528614'; Build Type 'Release'
OS: 'Windows 10 Pro; OS build 19043.1165; Version 2009; 64bit' Language: 'en' Physical Memory: 16222 MB
BatchMode: 1, IsHumanControllingUs: 0, StartBugReporterOnCrash: 0, Is64bit: 1, IsPro: 0

 COMMAND LINE ARGUMENTS:
C:\Program Files\Unity\Hub\Editor\2020.3.12f1\Editor\Unity.exe
-adb2
-batchMode
-noUpm
-name
AssetImportWorker1
-projectPath
C:/CGD Assignment/The-Environmentalist-Bear/The Environmentalist Bear
-logFile
Logs/AssetImportWorker1.log
-srvPort
58165
Successfully changed project path to: C:/CGD Assignment/The-Environmentalist-Bear/The Environmentalist Bear
C:/CGD Assignment/The-Environmentalist-Bear/The Environmentalist Bear
Using Asset Import Pipeline V2.
Refreshing native plugins compatible for Editor in 45.61 ms, found 3 plugins.
Preloading 0 native plugins for Editor in 0.00 ms.
Initialize engine version: 2020.3.12f1 (b3b2c6512326)
[Subsystems] Discovering subsystems at path C:/Program Files/Unity/Hub/Editor/2020.3.12f1/Editor/Data/Resources/UnitySubsystems
[Subsystems] Discovering subsystems at path C:/CGD Assignment/The-Environmentalist-Bear/The Environmentalist Bear/Assets
GfxDevice: creating device client; threaded=0
Direct3D:
    Version:  Direct3D 11.0 [level 11.1]
    Renderer: NVIDIA GeForce GTX 1650 (ID=0x1f99)
    Vendor:   
    VRAM:     3962 MB
    Driver:   30.0.14.7168
Initialize mono
Mono path[0] = 'C:/Program Files/Unity/Hub/Editor/2020.3.12f1/Editor/Data/Managed'
Mono path[1] = 'C:/Program Files/Unity/Hub/Editor/2020.3.12f1/Editor/Data/MonoBleedingEdge/lib/mono/unityjit'
Mono config path = 'C:/Program Files/Unity/Hub/Editor/2020.3.12f1/Editor/Data/MonoBleedingEdge/etc'
Using monoOptions --debugger-agent=transport=dt_socket,embedding=1,server=y,suspend=n,address=127.0.0.1:56432
Begin MonoManager ReloadAssembly
Registering precompiled unity dll's ...
Register platform support module: C:/Program Files/Unity/Hub/Editor/2020.3.12f1/Editor/Data/PlaybackEngines/WindowsStandaloneSupport/UnityEditor.WindowsStandalone.Extensions.dll
Registered in 0.001508 seconds.
Native extension for WindowsStandalone target not found
Refreshing native plugins compatible for Editor in 46.10 ms, found 3 plugins.
Preloading 0 native plugins for Editor in 0.00 ms.
Mono: successfully reloaded assembly
- Completed reload, in  0.936 seconds
Platform modules already initialized, skipping
Registering precompiled user dll's ...
Registered in 0.003438 seconds.
Begin MonoManager ReloadAssembly
Native extension for WindowsStandalone target not found
Refreshing native plugins compatible for Editor in 46.08 ms, found 3 plugins.
Preloading 0 native plugins for Editor in 0.00 ms.
Mono: successfully reloaded assembly
- Completed reload, in  0.941 seconds
Platform modules already initialized, skipping
========================================================================
Worker process is ready to serve import requests
Launched and connected shader compiler UnityShaderCompiler.exe after 0.03 seconds
Refreshing native plugins compatible for Editor in 0.48 ms, found 3 plugins.
Preloading 0 native plugins for Editor in 0.00 ms.
Unloading 2108 Unused Serialized files (Serialized files now loaded: 0)
System memory in use before: 93.8 MB.
System memory in use after: 93.7 MB.

Unloading 33 unused Assets to reduce memory usage. Loaded Objects now: 2542.
Total: 1.861700 ms (FindLiveObjects: 0.179800 ms CreateObjectMapping: 0.080100 ms MarkObjects: 1.502100 ms  DeleteObjects: 0.098600 ms)

AssetImportParameters requested are different than current active one (requested -> active):
  custom:framework-win-MediaFoundation: 216162199b28c13a410421893ffa2e32 -> 
  custom:video-decoder-ogg-theora: a1e56fd34408186e4bbccfd4996cb3dc -> 
  custom:container-muxer-webm: aa71ff27fc2769a1b78a27578f13a17b -> 
  custom:container-demuxer-webm: 4f35f7cbe854078d1ac9338744f61a02 -> 
  custom:container-demuxer-ogg: 62fdf1f143b41e24485cea50d1cbac27 -> 
  custom:video-encoder-webm-vp8: eb34c28f22e8b96e1ab97ce403110664 -> 
  custom:video-decoder-webm-vp8: 9c59270c3fd7afecdb556c50c9e8de78 -> 
  custom:audio-decoder-ogg-vorbis: bf7c407c2cedff20999df2af8eb42d56 -> 
  custom:audio-encoder-webm-vorbis: bf7c407c2cedff20999df2af8eb42d56 -> 
========================================================================
Received Import Request.
  path: Assets/Prefabs/Wooden Crate.prefab
  artifactKey: Guid(39c163e4005636443b3987878bd03218) Importer(815301076,1909f56bfc062723c751e8b465ee728b)
Start importing Assets/Prefabs/Wooden Crate.prefab using Guid(39c163e4005636443b3987878bd03218) Importer(815301076,1909f56bfc062723c751e8b465ee728b)  -> (artifact id: '534c833b3b49fca87e87e846bc6c372d') in 0.073165 seconds 
  Import took 0.075986 seconds .

========================================================================
Received Import Request.
  Time since last request: 3.278117 seconds.
  path: Assets/Prefabs/WoodenLog.prefab
  artifactKey: Guid(d86e3fe0cdb683a4ca515f1a186ee55d) Importer(815301076,1909f56bfc062723c751e8b465ee728b)
Start importing Assets/Prefabs/WoodenLog.prefab using Guid(d86e3fe0cdb683a4ca515f1a186ee55d) Importer(815301076,1909f56bfc062723c751e8b465ee728b)  -> (artifact id: 'f1a0008f7984ee2d191b800a758c42e3') in 0.009891 seconds 
  Import took 0.014009 seconds .

========================================================================
Received Prepare
Registering precompiled user dll's ...
Registered in 0.003070 seconds.
Begin MonoManager ReloadAssembly
Native extension for WindowsStandalone target not found
Refreshing native plugins compatible for Editor in 0.48 ms, found 3 plugins.
Preloading 0 native plugins for Editor in 0.00 ms.
Mono: successfully reloaded assembly
- Completed reload, in  0.869 seconds
Platform modules already initialized, skipping
Refreshing native plugins compatible for Editor in 0.50 ms, found 3 plugins.
Preloading 0 native plugins for Editor in 0.00 ms.
Unloading 2103 Unused Serialized files (Serialized files now loaded: 0)
System memory in use before: 96.7 MB.
System memory in use after: 96.7 MB.

Unloading 21 unused Assets to reduce memory usage. Loaded Objects now: 2553.
Total: 1.835300 ms (FindLiveObjects: 0.166600 ms CreateObjectMapping: 0.075100 ms MarkObjects: 1.511400 ms  DeleteObjects: 0.081500 ms)

AssetImportParameters requested are different than current active one (requested -> active):
  custom:framework-win-MediaFoundation: 216162199b28c13a410421893ffa2e32 -> 
  custom:video-decoder-ogg-theora: a1e56fd34408186e4bbccfd4996cb3dc -> 
  custom:container-muxer-webm: aa71ff27fc2769a1b78a27578f13a17b -> 
  custom:container-demuxer-webm: 4f35f7cbe854078d1ac9338744f61a02 -> 
  custom:container-demuxer-ogg: 62fdf1f143b41e24485cea50d1cbac27 -> 
  custom:video-encoder-webm-vp8: eb34c28f22e8b96e1ab97ce403110664 -> 
  custom:video-decoder-webm-vp8: 9c59270c3fd7afecdb556c50c9e8de78 -> 
  custom:audio-decoder-ogg-vorbis: bf7c407c2cedff20999df2af8eb42d56 -> 
  custom:audio-encoder-webm-vorbis: bf7c407c2cedff20999df2af8eb42d56 -> 
========================================================================
Received Prepare
Registering precompiled user dll's ...
Registered in 0.002910 seconds.
Begin MonoManager ReloadAssembly
Native extension for WindowsStandalone target not found
Refreshing native plugins compatible for Editor in 0.50 ms, found 3 plugins.
Preloading 0 native plugins for Editor in 0.00 ms.
Mono: successfully reloaded assembly
- Completed reload, in  0.877 seconds
Platform modules already initialized, skipping
Refreshing native plugins compatible for Editor in 0.52 ms, found 3 plugins.
Preloading 0 native plugins for Editor in 0.00 ms.
Unloading 2103 Unused Serialized files (Serialized files now loaded: 0)
System memory in use before: 96.7 MB.
System memory in use after: 96.7 MB.

Unloading 21 unused Assets to reduce memory usage. Loaded Objects now: 2557.
Total: 2.197900 ms (FindLiveObjects: 0.185200 ms CreateObjectMapping: 0.068900 ms MarkObjects: 1.811800 ms  DeleteObjects: 0.131100 ms)

AssetImportParameters requested are different than current active one (requested -> active):
  custom:framework-win-MediaFoundation: 216162199b28c13a410421893ffa2e32 -> 
  custom:video-decoder-ogg-theora: a1e56fd34408186e4bbccfd4996cb3dc -> 
  custom:container-muxer-webm: aa71ff27fc2769a1b78a27578f13a17b -> 
  custom:container-demuxer-webm: 4f35f7cbe854078d1ac9338744f61a02 -> 
  custom:container-demuxer-ogg: 62fdf1f143b41e24485cea50d1cbac27 -> 
  custom:video-encoder-webm-vp8: eb34c28f22e8b96e1ab97ce403110664 -> 
  custom:video-decoder-webm-vp8: 9c59270c3fd7afecdb556c50c9e8de78 -> 
  custom:audio-decoder-ogg-vorbis: bf7c407c2cedff20999df2af8eb42d56 -> 
  custom:audio-encoder-webm-vorbis: bf7c407c2cedff20999df2af8eb42d56 -> 
========================================================================
Received Prepare
Registering precompiled user dll's ...
Registered in 0.002909 seconds.
Begin MonoManager ReloadAssembly
Native extension for WindowsStandalone target not found
Refreshing native plugins compatible for Editor in 0.51 ms, found 3 plugins.
Preloading 0 native plugins for Editor in 0.00 ms.
Mono: successfully reloaded assembly
- Completed reload, in  0.861 seconds
Platform modules already initialized, skipping
Refreshing native plugins compatible for Editor in 0.50 ms, found 3 plugins.
Preloading 0 native plugins for Editor in 0.00 ms.
Unloading 2103 Unused Serialized files (Serialized files now loaded: 0)
System memory in use before: 96.8 MB.
System memory in use after: 96.7 MB.

Unloading 21 unused Assets to reduce memory usage. Loaded Objects now: 2561.
Total: 2.197500 ms (FindLiveObjects: 0.182600 ms CreateObjectMapping: 0.077300 ms MarkObjects: 1.805400 ms  DeleteObjects: 0.130300 ms)

AssetImportParameters requested are different than current active one (requested -> active):
  custom:framework-win-MediaFoundation: 216162199b28c13a410421893ffa2e32 -> 
  custom:video-decoder-ogg-theora: a1e56fd34408186e4bbccfd4996cb3dc -> 
  custom:container-muxer-webm: aa71ff27fc2769a1b78a27578f13a17b -> 
  custom:container-demuxer-webm: 4f35f7cbe854078d1ac9338744f61a02 -> 
  custom:container-demuxer-ogg: 62fdf1f143b41e24485cea50d1cbac27 -> 
  custom:video-encoder-webm-vp8: eb34c28f22e8b96e1ab97ce403110664 -> 
  custom:video-decoder-webm-vp8: 9c59270c3fd7afecdb556c50c9e8de78 -> 
  custom:audio-decoder-ogg-vorbis: bf7c407c2cedff20999df2af8eb42d56 -> 
  custom:audio-encoder-webm-vorbis: bf7c407c2cedff20999df2af8eb42d56 -> 
========================================================================
Received Prepare
Registering precompiled user dll's ...
Registered in 0.003115 seconds.
Begin MonoManager ReloadAssembly
Native extension for WindowsStandalone target not found
Refreshing native plugins compatible for Editor in 0.56 ms, found 3 plugins.
Preloading 0 native plugins for Editor in 0.00 ms.
Mono: successfully reloaded assembly
- Completed reload, in  0.865 seconds
Platform modules already initialized, skipping
Refreshing native plugins compatible for Editor in 0.54 ms, found 3 plugins.
Preloading 0 native plugins for Editor in 0.00 ms.
Unloading 2103 Unused Serialized files (Serialized files now loaded: 0)
System memory in use before: 96.8 MB.
System memory in use after: 96.8 MB.

Unloading 21 unused Assets to reduce memory usage. Loaded Objects now: 2565.
Total: 1.863100 ms (FindLiveObjects: 0.178800 ms CreateObjectMapping: 0.069600 ms MarkObjects: 1.515600 ms  DeleteObjects: 0.098400 ms)

AssetImportParameters requested are different than current active one (requested -> active):
  custom:framework-win-MediaFoundation: 216162199b28c13a410421893ffa2e32 -> 
  custom:video-decoder-ogg-theora: a1e56fd34408186e4bbccfd4996cb3dc -> 
  custom:container-muxer-webm: aa71ff27fc2769a1b78a27578f13a17b -> 
  custom:container-demuxer-webm: 4f35f7cbe854078d1ac9338744f61a02 -> 
  custom:container-demuxer-ogg: 62fdf1f143b41e24485cea50d1cbac27 -> 
  custom:video-encoder-webm-vp8: eb34c28f22e8b96e1ab97ce403110664 -> 
  custom:video-decoder-webm-vp8: 9c59270c3fd7afecdb556c50c9e8de78 -> 
  custom:audio-decoder-ogg-vorbis: bf7c407c2cedff20999df2af8eb42d56 -> 
  custom:audio-encoder-webm-vorbis: bf7c407c2cedff20999df2af8eb42d56 -> 
========================================================================
Received Import Request.
  Time since last request: 145.587811 seconds.
  path: Assets/Prefabs/Wooden Crate.prefab
  artifactKey: Guid(39c163e4005636443b3987878bd03218) Importer(815301076,1909f56bfc062723c751e8b465ee728b)
Start importing Assets/Prefabs/Wooden Crate.prefab using Guid(39c163e4005636443b3987878bd03218) Importer(815301076,1909f56bfc062723c751e8b465ee728b)  -> (artifact id: 'ab2a5140bd358f41b49364593841e9b4') in 0.046214 seconds 
  Import took 0.049175 seconds .

========================================================================
Received Prepare
Registering precompiled user dll's ...
Registered in 0.003546 seconds.
Begin MonoManager ReloadAssembly
Native extension for WindowsStandalone target not found
Refreshing native plugins compatible for Editor in 0.49 ms, found 3 plugins.
Preloading 0 native plugins for Editor in 0.00 ms.
Mono: successfully reloaded assembly
- Completed reload, in  0.847 seconds
Platform modules already initialized, skipping
Refreshing native plugins compatible for Editor in 0.85 ms, found 3 plugins.
Preloading 0 native plugins for Editor in 0.00 ms.
Unloading 2103 Unused Serialized files (Serialized files now loaded: 0)
System memory in use before: 96.8 MB.
System memory in use after: 96.8 MB.

Unloading 21 unused Assets to reduce memory usage. Loaded Objects now: 2570.
Total: 2.262900 ms (FindLiveObjects: 0.191000 ms CreateObjectMapping: 0.109000 ms MarkObjects: 1.857100 ms  DeleteObjects: 0.104500 ms)

AssetImportParameters requested are different than current active one (requested -> active):
  custom:framework-win-MediaFoundation: 216162199b28c13a410421893ffa2e32 -> 
  custom:video-decoder-ogg-theora: a1e56fd34408186e4bbccfd4996cb3dc -> 
  custom:container-muxer-webm: aa71ff27fc2769a1b78a27578f13a17b -> 
  custom:container-demuxer-webm: 4f35f7cbe854078d1ac9338744f61a02 -> 
  custom:container-demuxer-ogg: 62fdf1f143b41e24485cea50d1cbac27 -> 
  custom:video-encoder-webm-vp8: eb34c28f22e8b96e1ab97ce403110664 -> 
  custom:video-decoder-webm-vp8: 9c59270c3fd7afecdb556c50c9e8de78 -> 
  custom:audio-decoder-ogg-vorbis: bf7c407c2cedff20999df2af8eb42d56 -> 
  custom:audio-encoder-webm-vorbis: bf7c407c2cedff20999df2af8eb42d56 -> 
========================================================================
Received Import Request.
  Time since last request: 31.046261 seconds.
  path: Assets/Prefabs/WoodenLog.prefab
  artifactKey: Guid(d86e3fe0cdb683a4ca515f1a186ee55d) Importer(815301076,1909f56bfc062723c751e8b465ee728b)
Start importing Assets/Prefabs/WoodenLog.prefab using Guid(d86e3fe0cdb683a4ca515f1a186ee55d) Importer(815301076,1909f56bfc062723c751e8b465ee728b)  -> (artifact id: 'b5d89b6c78bfc5b2d934300bea6b0fec') in 0.045560 seconds 
  Import took 0.048831 seconds .

========================================================================
Received Prepare
Registering precompiled user dll's ...
Registered in 0.003057 seconds.
Begin MonoManager ReloadAssembly
Native extension for WindowsStandalone target not found
Refreshing native plugins compatible for Editor in 0.65 ms, found 3 plugins.
Preloading 0 native plugins for Editor in 0.00 ms.
Mono: successfully reloaded assembly
- Completed reload, in  0.934 seconds
Platform modules already initialized, skipping
Refreshing native plugins compatible for Editor in 0.55 ms, found 3 plugins.
Preloading 0 native plugins for Editor in 0.00 ms.
Unloading 2103 Unused Serialized files (Serialized files now loaded: 0)
System memory in use before: 96.8 MB.
System memory in use after: 96.8 MB.

Unloading 21 unused Assets to reduce memory usage. Loaded Objects now: 2575.
Total: 2.401700 ms (FindLiveObjects: 0.186300 ms CreateObjectMapping: 0.085700 ms MarkObjects: 2.026100 ms  DeleteObjects: 0.102300 ms)

AssetImportParameters requested are different than current active one (requested -> active):
  custom:framework-win-MediaFoundation: 216162199b28c13a410421893ffa2e32 -> 
  custom:video-decoder-ogg-theora: a1e56fd34408186e4bbccfd4996cb3dc -> 
  custom:container-muxer-webm: aa71ff27fc2769a1b78a27578f13a17b -> 
  custom:container-demuxer-webm: 4f35f7cbe854078d1ac9338744f61a02 -> 
  custom:container-demuxer-ogg: 62fdf1f143b41e24485cea50d1cbac27 -> 
  custom:video-encoder-webm-vp8: eb34c28f22e8b96e1ab97ce403110664 -> 
  custom:video-decoder-webm-vp8: 9c59270c3fd7afecdb556c50c9e8de78 -> 
  custom:audio-decoder-ogg-vorbis: bf7c407c2cedff20999df2af8eb42d56 -> 
  custom:audio-encoder-webm-vorbis: bf7c407c2cedff20999df2af8eb42d56 -> 
========================================================================
Received Prepare
Registering precompiled user dll's ...
Registered in 0.003329 seconds.
Begin MonoManager ReloadAssembly
Native extension for WindowsStandalone target not found
Refreshing native plugins compatible for Editor in 0.49 ms, found 3 plugins.
Preloading 0 native plugins for Editor in 0.00 ms.
Mono: successfully reloaded assembly
- Completed reload, in  0.850 seconds
Platform modules already initialized, skipping
Refreshing native plugins compatible for Editor in 0.52 ms, found 3 plugins.
Preloading 0 native plugins for Editor in 0.00 ms.
Unloading 2103 Unused Serialized files (Serialized files now loaded: 0)
System memory in use before: 96.8 MB.
System memory in use after: 96.8 MB.

Unloading 21 unused Assets to reduce memory usage. Loaded Objects now: 2579.
Total: 1.853200 ms (FindLiveObjects: 0.171200 ms CreateObjectMapping: 0.077000 ms MarkObjects: 1.476200 ms  DeleteObjects: 0.128000 ms)

AssetImportParameters requested are different than current active one (requested -> active):
  custom:framework-win-MediaFoundation: 216162199b28c13a410421893ffa2e32 -> 
  custom:video-decoder-ogg-theora: a1e56fd34408186e4bbccfd4996cb3dc -> 
  custom:container-muxer-webm: aa71ff27fc2769a1b78a27578f13a17b -> 
  custom:container-demuxer-webm: 4f35f7cbe854078d1ac9338744f61a02 -> 
  custom:container-demuxer-ogg: 62fdf1f143b41e24485cea50d1cbac27 -> 
  custom:video-encoder-webm-vp8: eb34c28f22e8b96e1ab97ce403110664 -> 
  custom:video-decoder-webm-vp8: 9c59270c3fd7afecdb556c50c9e8de78 -> 
  custom:audio-decoder-ogg-vorbis: bf7c407c2cedff20999df2af8eb42d56 -> 
  custom:audio-encoder-webm-vorbis: bf7c407c2cedff20999df2af8eb42d56 -> 
========================================================================
Received Import Request.
  Time since last request: 765.626812 seconds.
  path: Assets/Scripts/PullObject.cs
  artifactKey: Guid(633e6c2c18bfd504fb6323c427b85b55) Importer(815301076,1909f56bfc062723c751e8b465ee728b)
Start importing Assets/Scripts/PullObject.cs using Guid(633e6c2c18bfd504fb6323c427b85b55) Importer(815301076,1909f56bfc062723c751e8b465ee728b)  -> (artifact id: '2db583f820c1d630d4c7302bb9815c81') in 0.008647 seconds 
  Import took 0.011690 seconds .

========================================================================
Received Prepare
Registering precompiled user dll's ...
Registered in 0.002932 seconds.
Begin MonoManager ReloadAssembly
Native extension for WindowsStandalone target not found
Refreshing native plugins compatible for Editor in 0.52 ms, found 3 plugins.
Preloading 0 native plugins for Editor in 0.00 ms.
Mono: successfully reloaded assembly
- Completed reload, in  0.886 seconds
Platform modules already initialized, skipping
Refreshing native plugins compatible for Editor in 0.58 ms, found 3 plugins.
Preloading 0 native plugins for Editor in 0.00 ms.
Unloading 2104 Unused Serialized files (Serialized files now loaded: 0)
System memory in use before: 96.9 MB.
System memory in use after: 96.8 MB.

Unloading 21 unused Assets to reduce memory usage. Loaded Objects now: 2584.
Total: 2.199500 ms (FindLiveObjects: 0.219600 ms CreateObjectMapping: 0.082400 ms MarkObjects: 1.761600 ms  DeleteObjects: 0.134900 ms)

AssetImportParameters requested are different than current active one (requested -> active):
  custom:framework-win-MediaFoundation: 216162199b28c13a410421893ffa2e32 -> 
  custom:video-decoder-ogg-theora: a1e56fd34408186e4bbccfd4996cb3dc -> 
  custom:container-muxer-webm: aa71ff27fc2769a1b78a27578f13a17b -> 
  custom:container-demuxer-webm: 4f35f7cbe854078d1ac9338744f61a02 -> 
  custom:container-demuxer-ogg: 62fdf1f143b41e24485cea50d1cbac27 -> 
  custom:video-encoder-webm-vp8: eb34c28f22e8b96e1ab97ce403110664 -> 
  custom:video-decoder-webm-vp8: 9c59270c3fd7afecdb556c50c9e8de78 -> 
  custom:audio-decoder-ogg-vorbis: bf7c407c2cedff20999df2af8eb42d56 -> 
  custom:audio-encoder-webm-vorbis: bf7c407c2cedff20999df2af8eb42d56 -> 
========================================================================
Received Import Request.
  Time since last request: 3.880825 seconds.
  path: Assets/Scripts/InteractionController.cs
  artifactKey: Guid(213524ddae4cded41ab972d0a711758a) Importer(815301076,1909f56bfc062723c751e8b465ee728b)
Start importing Assets/Scripts/InteractionController.cs using Guid(213524ddae4cded41ab972d0a711758a) Importer(815301076,1909f56bfc062723c751e8b465ee728b)  -> (artifact id: '5e8426a81674a4c3a064ed1076e710e3') in 0.006928 seconds 
  Import took 0.009591 seconds .

========================================================================
Received Import Request.
  Time since last request: 12.627954 seconds.
  path: Assets/Scripts/InteractNPC.cs
  artifactKey: Guid(213524ddae4cded41ab972d0a711758a) Importer(815301076,1909f56bfc062723c751e8b465ee728b)
Start importing Assets/Scripts/InteractNPC.cs using Guid(213524ddae4cded41ab972d0a711758a) Importer(815301076,1909f56bfc062723c751e8b465ee728b)  -> (artifact id: '338c6a770fbd6b2cf468ca9c4e0c0b46') in 0.006229 seconds 
  Import took 0.010306 seconds .

========================================================================
Received Prepare
Registering precompiled user dll's ...
Registered in 0.003116 seconds.
Begin MonoManager ReloadAssembly
Native extension for WindowsStandalone target not found
Refreshing native plugins compatible for Editor in 0.51 ms, found 3 plugins.
Preloading 0 native plugins for Editor in 0.00 ms.
Mono: successfully reloaded assembly
- Completed reload, in  0.859 seconds
Platform modules already initialized, skipping
Refreshing native plugins compatible for Editor in 0.50 ms, found 3 plugins.
Preloading 0 native plugins for Editor in 0.00 ms.
Unloading 2104 Unused Serialized files (Serialized files now loaded: 0)
System memory in use before: 96.9 MB.
System memory in use after: 96.9 MB.

Unloading 21 unused Assets to reduce memory usage. Loaded Objects now: 2588.
Total: 2.123900 ms (FindLiveObjects: 0.177500 ms CreateObjectMapping: 0.074300 ms MarkObjects: 1.741000 ms  DeleteObjects: 0.130400 ms)

AssetImportParameters requested are different than current active one (requested -> active):
  custom:framework-win-MediaFoundation: 216162199b28c13a410421893ffa2e32 -> 
  custom:video-decoder-ogg-theora: a1e56fd34408186e4bbccfd4996cb3dc -> 
  custom:container-muxer-webm: aa71ff27fc2769a1b78a27578f13a17b -> 
  custom:container-demuxer-webm: 4f35f7cbe854078d1ac9338744f61a02 -> 
  custom:container-demuxer-ogg: 62fdf1f143b41e24485cea50d1cbac27 -> 
  custom:video-encoder-webm-vp8: eb34c28f22e8b96e1ab97ce403110664 -> 
  custom:video-decoder-webm-vp8: 9c59270c3fd7afecdb556c50c9e8de78 -> 
  custom:audio-decoder-ogg-vorbis: bf7c407c2cedff20999df2af8eb42d56 -> 
  custom:audio-encoder-webm-vorbis: bf7c407c2cedff20999df2af8eb42d56 -> 
========================================================================
Received Prepare
Registering precompiled user dll's ...
Registered in 0.004893 seconds.
Begin MonoManager ReloadAssembly
Native extension for WindowsStandalone target not found
Refreshing native plugins compatible for Editor in 0.49 ms, found 3 plugins.
Preloading 0 native plugins for Editor in 0.00 ms.
Mono: successfully reloaded assembly
- Completed reload, in  0.899 seconds
Platform modules already initialized, skipping
Refreshing native plugins compatible for Editor in 0.51 ms, found 3 plugins.
Preloading 0 native plugins for Editor in 0.00 ms.
Unloading 2104 Unused Serialized files (Serialized files now loaded: 0)
System memory in use before: 96.9 MB.
System memory in use after: 96.9 MB.

Unloading 21 unused Assets to reduce memory usage. Loaded Objects now: 2592.
Total: 2.166500 ms (FindLiveObjects: 0.179300 ms CreateObjectMapping: 0.065700 ms MarkObjects: 1.784600 ms  DeleteObjects: 0.136300 ms)

AssetImportParameters requested are different than current active one (requested -> active):
  custom:framework-win-MediaFoundation: 216162199b28c13a410421893ffa2e32 -> 
  custom:video-decoder-ogg-theora: a1e56fd34408186e4bbccfd4996cb3dc -> 
  custom:container-muxer-webm: aa71ff27fc2769a1b78a27578f13a17b -> 
  custom:container-demuxer-webm: 4f35f7cbe854078d1ac9338744f61a02 -> 
  custom:container-demuxer-ogg: 62fdf1f143b41e24485cea50d1cbac27 -> 
  custom:video-encoder-webm-vp8: eb34c28f22e8b96e1ab97ce403110664 -> 
  custom:video-decoder-webm-vp8: 9c59270c3fd7afecdb556c50c9e8de78 -> 
  custom:audio-decoder-ogg-vorbis: bf7c407c2cedff20999df2af8eb42d56 -> 
  custom:audio-encoder-webm-vorbis: bf7c407c2cedff20999df2af8eb42d56 -> 
========================================================================
Received Import Request.
  Time since last request: 47.498799 seconds.
  path: Assets/Scripts/InteractNPC.cs
  artifactKey: Guid(213524ddae4cded41ab972d0a711758a) Importer(815301076,1909f56bfc062723c751e8b465ee728b)
Start importing Assets/Scripts/InteractNPC.cs using Guid(213524ddae4cded41ab972d0a711758a) Importer(815301076,1909f56bfc062723c751e8b465ee728b)  -> (artifact id: '0e3d9cb295dcea53d7924186178f106b') in 0.003796 seconds 
  Import took 0.006594 seconds .

========================================================================
Received Import Request.
  Time since last request: 187.670921 seconds.
  path: Assets/Scripts/PullObject.cs
  artifactKey: Guid(633e6c2c18bfd504fb6323c427b85b55) Importer(815301076,1909f56bfc062723c751e8b465ee728b)
Start importing Assets/Scripts/PullObject.cs using Guid(633e6c2c18bfd504fb6323c427b85b55) Importer(815301076,1909f56bfc062723c751e8b465ee728b)  -> (artifact id: 'b8139e26ae2cc995c03e2fd53664900a') in 0.001748 seconds 
  Import took 0.005390 seconds .

========================================================================
Received Prepare
Registering precompiled user dll's ...
Registered in 0.003288 seconds.
Begin MonoManager ReloadAssembly
Native extension for WindowsStandalone target not found
Refreshing native plugins compatible for Editor in 0.57 ms, found 3 plugins.
Preloading 0 native plugins for Editor in 0.00 ms.
Mono: successfully reloaded assembly
- Completed reload, in  0.851 seconds
Platform modules already initialized, skipping
Refreshing native plugins compatible for Editor in 0.51 ms, found 3 plugins.
Preloading 0 native plugins for Editor in 0.00 ms.
Unloading 2104 Unused Serialized files (Serialized files now loaded: 0)
System memory in use before: 96.9 MB.
System memory in use after: 96.9 MB.

Unloading 21 unused Assets to reduce memory usage. Loaded Objects now: 2596.
Total: 2.097400 ms (FindLiveObjects: 0.205300 ms CreateObjectMapping: 0.088800 ms MarkObjects: 1.707200 ms  DeleteObjects: 0.094900 ms)

AssetImportParameters requested are different than current active one (requested -> active):
  custom:framework-win-MediaFoundation: 216162199b28c13a410421893ffa2e32 -> 
  custom:video-decoder-ogg-theora: a1e56fd34408186e4bbccfd4996cb3dc -> 
  custom:container-muxer-webm: aa71ff27fc2769a1b78a27578f13a17b -> 
  custom:container-demuxer-webm: 4f35f7cbe854078d1ac9338744f61a02 -> 
  custom:container-demuxer-ogg: 62fdf1f143b41e24485cea50d1cbac27 -> 
  custom:video-encoder-webm-vp8: eb34c28f22e8b96e1ab97ce403110664 -> 
  custom:video-decoder-webm-vp8: 9c59270c3fd7afecdb556c50c9e8de78 -> 
  custom:audio-decoder-ogg-vorbis: bf7c407c2cedff20999df2af8eb42d56 -> 
  custom:audio-encoder-webm-vorbis: bf7c407c2cedff20999df2af8eb42d56 -> 
========================================================================
Received Prepare
Registering precompiled user dll's ...
Registered in 0.003123 seconds.
Begin MonoManager ReloadAssembly
Native extension for WindowsStandalone target not found
Refreshing native plugins compatible for Editor in 0.49 ms, found 3 plugins.
Preloading 0 native plugins for Editor in 0.00 ms.
Mono: successfully reloaded assembly
- Completed reload, in  0.848 seconds
Platform modules already initialized, skipping
Refreshing native plugins compatible for Editor in 0.50 ms, found 3 plugins.
Preloading 0 native plugins for Editor in 0.00 ms.
Unloading 2104 Unused Serialized files (Serialized files now loaded: 0)
System memory in use before: 96.9 MB.
System memory in use after: 96.9 MB.

Unloading 21 unused Assets to reduce memory usage. Loaded Objects now: 2600.
Total: 1.898700 ms (FindLiveObjects: 0.173100 ms CreateObjectMapping: 0.074100 ms MarkObjects: 1.562700 ms  DeleteObjects: 0.088000 ms)

AssetImportParameters requested are different than current active one (requested -> active):
  custom:framework-win-MediaFoundation: 216162199b28c13a410421893ffa2e32 -> 
  custom:video-decoder-ogg-theora: a1e56fd34408186e4bbccfd4996cb3dc -> 
  custom:container-muxer-webm: aa71ff27fc2769a1b78a27578f13a17b -> 
  custom:container-demuxer-webm: 4f35f7cbe854078d1ac9338744f61a02 -> 
  custom:container-demuxer-ogg: 62fdf1f143b41e24485cea50d1cbac27 -> 
  custom:video-encoder-webm-vp8: eb34c28f22e8b96e1ab97ce403110664 -> 
  custom:video-decoder-webm-vp8: 9c59270c3fd7afecdb556c50c9e8de78 -> 
  custom:audio-decoder-ogg-vorbis: bf7c407c2cedff20999df2af8eb42d56 -> 
  custom:audio-encoder-webm-vorbis: bf7c407c2cedff20999df2af8eb42d56 -> 
========================================================================
Received Import Request.
  Time since last request: 583.956731 seconds.
  path: Assets/Simple Buttons/Buttons Style 6 (Square Green)
  artifactKey: Guid(0f30ed1fa2214d748a2c3bbafb45dd9c) Importer(815301076,1909f56bfc062723c751e8b465ee728b)
Start importing Assets/Simple Buttons/Buttons Style 6 (Square Green) using Guid(0f30ed1fa2214d748a2c3bbafb45dd9c) Importer(815301076,1909f56bfc062723c751e8b465ee728b)  -> (artifact id: 'b570486baaef6f714272dcc0c58bdce4') in 0.009848 seconds 
  Import took 0.013872 seconds .

========================================================================
Received Import Request.
  Time since last request: 3.695590 seconds.
  path: Assets/Simple Buttons/Buttons Style 6 (Square Green)/ButtonsStyle6_01.png
  artifactKey: Guid(a88d28a1d6de27c418fe34d102a2b296) Importer(815301076,1909f56bfc062723c751e8b465ee728b)
Start importing Assets/Simple Buttons/Buttons Style 6 (Square Green)/ButtonsStyle6_01.png using Guid(a88d28a1d6de27c418fe34d102a2b296) Importer(815301076,1909f56bfc062723c751e8b465ee728b)  -> (artifact id: '57a3122d4df0d738587572ee63dbeedb') in 0.077027 seconds 
  Import took 0.079824 seconds .

========================================================================
Received Import Request.
  Time since last request: 18.612957 seconds.
  path: Assets/Simple Buttons/Buttons Style 6 (Square Green)/ButtonsStyle6_03.png
  artifactKey: Guid(d0717bde1bcc4024aacc57aa265b1a24) Importer(815301076,1909f56bfc062723c751e8b465ee728b)
Start importing Assets/Simple Buttons/Buttons Style 6 (Square Green)/ButtonsStyle6_03.png using Guid(d0717bde1bcc4024aacc57aa265b1a24) Importer(815301076,1909f56bfc062723c751e8b465ee728b)  -> (artifact id: '410b0ad24ae908f2f4ec70e95209a6d2') in 0.012756 seconds 
  Import took 0.015658 seconds .

========================================================================
Received Import Request.
  Time since last request: 1.073165 seconds.
  path: Assets/Simple Buttons/Buttons Style 6 (Square Green)/ButtonsStyle6_18.png
  artifactKey: Guid(c010c0f1055e78e4a8d9f4b435261123) Importer(815301076,1909f56bfc062723c751e8b465ee728b)
Start importing Assets/Simple Buttons/Buttons Style 6 (Square Green)/ButtonsStyle6_18.png using Guid(c010c0f1055e78e4a8d9f4b435261123) Importer(815301076,1909f56bfc062723c751e8b465ee728b)  -> (artifact id: '379c235b2e24c7749cb78395e88aba75') in 0.013189 seconds 
  Import took 0.016594 seconds .

========================================================================
Received Import Request.
  Time since last request: 6.765290 seconds.
  path: Assets/Simple Buttons/Buttons Style 6 (Square Green)/ButtonsStyle6_09.png
  artifactKey: Guid(f985fba949b6abb419c13bf52ebe2070) Importer(815301076,1909f56bfc062723c751e8b465ee728b)
Start importing Assets/Simple Buttons/Buttons Style 6 (Square Green)/ButtonsStyle6_09.png using Guid(f985fba949b6abb419c13bf52ebe2070) Importer(815301076,1909f56bfc062723c751e8b465ee728b)  -> (artifact id: '5ed96f1e6608eb275e265618b9ac4103') in 0.037448 seconds 
  Import took 0.040799 seconds .

========================================================================
Received Import Request.
  Time since last request: 0.001507 seconds.
  path: Assets/Simple Buttons/Buttons Style 6 (Square Green)/ButtonsStyle6_09.png
  artifactKey: Guid(f985fba949b6abb419c13bf52ebe2070) Importer(815301076,1909f56bfc062723c751e8b465ee728b)
Start importing Assets/Simple Buttons/Buttons Style 6 (Square Green)/ButtonsStyle6_09.png using Guid(f985fba949b6abb419c13bf52ebe2070) Importer(815301076,1909f56bfc062723c751e8b465ee728b)  -> (artifact id: '5ed96f1e6608eb275e265618b9ac4103') in 0.010594 seconds 
  Import took 0.013553 seconds .

========================================================================
Received Import Request.
  Time since last request: 106.884691 seconds.
  path: Assets/Simple Buttons/Buttons Style 6 (Square Green)/ButtonsStyle6_23.png
  artifactKey: Guid(55c10dadb521936429001e5abdd817e7) Importer(815301076,1909f56bfc062723c751e8b465ee728b)
Start importing Assets/Simple Buttons/Buttons Style 6 (Square Green)/ButtonsStyle6_23.png using Guid(55c10dadb521936429001e5abdd817e7) Importer(815301076,1909f56bfc062723c751e8b465ee728b)  -> (artifact id: '007c5b64931edef702077b2268f5e3f6') in 0.013073 seconds 
  Import took 0.016222 seconds .

========================================================================
Received Import Request.
  Time since last request: 0.477911 seconds.
  path: Assets/Simple Buttons/Buttons Style 6 (Square Green)/ButtonsStyle6_18.png
  artifactKey: Guid(c010c0f1055e78e4a8d9f4b435261123) Importer(815301076,1909f56bfc062723c751e8b465ee728b)
Start importing Assets/Simple Buttons/Buttons Style 6 (Square Green)/ButtonsStyle6_18.png using Guid(c010c0f1055e78e4a8d9f4b435261123) Importer(815301076,1909f56bfc062723c751e8b465ee728b)  -> (artifact id: 'fb8f5de0573e4a541799276009309023') in 0.011365 seconds 
  Import took 0.014467 seconds .

========================================================================
Received Import Request.
  Time since last request: 7.035918 seconds.
  path: Assets/Simple Buttons/Buttons Style 6 (Square Green)/ButtonsStyle6_23.png
  artifactKey: Guid(55c10dadb521936429001e5abdd817e7) Importer(815301076,1909f56bfc062723c751e8b465ee728b)
Start importing Assets/Simple Buttons/Buttons Style 6 (Square Green)/ButtonsStyle6_23.png using Guid(55c10dadb521936429001e5abdd817e7) Importer(815301076,1909f56bfc062723c751e8b465ee728b)  -> (artifact id: '7f460c101dc5abc7685eeba66143aabc') in 0.010391 seconds 
  Import took 0.013617 seconds .

========================================================================
Received Import Request.
  Time since last request: 7.250397 seconds.
  path: Assets/Simple Buttons/Buttons Style 6 (Square Green)/ButtonsStyle6_26.png
  artifactKey: Guid(896c2c7e6d789264fa6b21eb99d6e283) Importer(815301076,1909f56bfc062723c751e8b465ee728b)
Start importing Assets/Simple Buttons/Buttons Style 6 (Square Green)/ButtonsStyle6_26.png using Guid(896c2c7e6d789264fa6b21eb99d6e283) Importer(815301076,1909f56bfc062723c751e8b465ee728b)  -> (artifact id: 'f76a13e99a5cda609ea982c41f8f80da') in 0.013862 seconds 
  Import took 0.016659 seconds .

========================================================================
Received Import Request.
  Time since last request: 1.047452 seconds.
  path: Assets/Simple Buttons/Buttons Style 6 (Square Green)/ButtonsStyle6_16.png
  artifactKey: Guid(7e3bee300d794da45bc413de3ef5bd83) Importer(815301076,1909f56bfc062723c751e8b465ee728b)
Start importing Assets/Simple Buttons/Buttons Style 6 (Square Green)/ButtonsStyle6_16.png using Guid(7e3bee300d794da45bc413de3ef5bd83) Importer(815301076,1909f56bfc062723c751e8b465ee728b)  -> (artifact id: '43915e6bf16ac52aabd86955357a97de') in 0.013123 seconds 
  Import took 0.016233 seconds .

========================================================================
Received Import Request.
  Time since last request: 0.490084 seconds.
  path: Assets/Simple Buttons/Buttons Style 6 (Square Green)/ButtonsStyle6_18.png
  artifactKey: Guid(c010c0f1055e78e4a8d9f4b435261123) Importer(815301076,1909f56bfc062723c751e8b465ee728b)
Start importing Assets/Simple Buttons/Buttons Style 6 (Square Green)/ButtonsStyle6_18.png using Guid(c010c0f1055e78e4a8d9f4b435261123) Importer(815301076,1909f56bfc062723c751e8b465ee728b)  -> (artifact id: '79664aa976b6aabd289e1b5427cb9017') in 0.010625 seconds 
  Import took 0.013645 seconds .

========================================================================
Received Import Request.
  Time since last request: 5.237428 seconds.
  path: Assets/Simple Buttons/Buttons Style 6 (Square Green)/ButtonsStyle6_17.png
  artifactKey: Guid(8a17e9ca2d21eab4b80c8c346f858b45) Importer(815301076,1909f56bfc062723c751e8b465ee728b)
Start importing Assets/Simple Buttons/Buttons Style 6 (Square Green)/ButtonsStyle6_17.png using Guid(8a17e9ca2d21eab4b80c8c346f858b45) Importer(815301076,1909f56bfc062723c751e8b465ee728b)  -> (artifact id: 'ddcd06b33ed3ff7a2719c75de1298e89') in 0.044117 seconds 
  Import took 0.047907 seconds .

========================================================================
Received Import Request.
  Time since last request: 0.000816 seconds.
  path: Assets/Simple Buttons/Buttons Style 6 (Square Green)/ButtonsStyle6_17.png
  artifactKey: Guid(8a17e9ca2d21eab4b80c8c346f858b45) Importer(815301076,1909f56bfc062723c751e8b465ee728b)
Start importing Assets/Simple Buttons/Buttons Style 6 (Square Green)/ButtonsStyle6_17.png using Guid(8a17e9ca2d21eab4b80c8c346f858b45) Importer(815301076,1909f56bfc062723c751e8b465ee728b)  -> (artifact id: 'ddcd06b33ed3ff7a2719c75de1298e89') in 0.013714 seconds 
  Import took 0.017277 seconds .

========================================================================
Received Import Request.
  Time since last request: 2.407721 seconds.
  path: Assets/Simple Buttons/Buttons Style 6 (Square Green)/ButtonsStyle6_19.png
  artifactKey: Guid(49fb5a2ba972d1648b383eac65651093) Importer(815301076,1909f56bfc062723c751e8b465ee728b)
Start importing Assets/Simple Buttons/Buttons Style 6 (Square Green)/ButtonsStyle6_19.png using Guid(49fb5a2ba972d1648b383eac65651093) Importer(815301076,1909f56bfc062723c751e8b465ee728b)  -> (artifact id: 'c2dfda726f168f082bd5f8a3ccb5b5ae') in 0.011849 seconds 
  Import took 0.015267 seconds .

========================================================================
Received Import Request.
  Time since last request: 0.301764 seconds.
  path: Assets/Simple Buttons/Buttons Style 6 (Square Green)/ButtonsStyle6_18.png
  artifactKey: Guid(c010c0f1055e78e4a8d9f4b435261123) Importer(815301076,1909f56bfc062723c751e8b465ee728b)
Start importing Assets/Simple Buttons/Buttons Style 6 (Square Green)/ButtonsStyle6_18.png using Guid(c010c0f1055e78e4a8d9f4b435261123) Importer(815301076,1909f56bfc062723c751e8b465ee728b)  -> (artifact id: '9a7411e25252ddf91ba79a2d4e868af0') in 0.021364 seconds 
  Import took 0.024561 seconds .

========================================================================
Received Import Request.
  Time since last request: 5.353008 seconds.
  path: Assets/Simple Buttons/Buttons Style 6 (Square Green)/ButtonsStyle6_21.png
  artifactKey: Guid(24ea83971b56cff4ea0d76cd0ac34520) Importer(815301076,1909f56bfc062723c751e8b465ee728b)
Start importing Assets/Simple Buttons/Buttons Style 6 (Square Green)/ButtonsStyle6_21.png using Guid(24ea83971b56cff4ea0d76cd0ac34520) Importer(815301076,1909f56bfc062723c751e8b465ee728b)  -> (artifact id: '153cb92168abfe95bfa06ba7bd50c46a') in 0.038855 seconds 
  Import took 0.042411 seconds .

========================================================================
Received Import Request.
  Time since last request: 278.992679 seconds.
  path: ProjectSettings/TagManager.asset
  artifactKey: Guid(00000000000000003000000000000000) Importer(815301076,1909f56bfc062723c751e8b465ee728b)
Start importing ProjectSettings/TagManager.asset using Guid(00000000000000003000000000000000) Importer(815301076,1909f56bfc062723c751e8b465ee728b)  -> (artifact id: '3015ac748bb55999315780309806f67c') in 0.006335 seconds 
  Import took 0.010681 seconds .

========================================================================
Received Import Request.
  Time since last request: 0.000672 seconds.
  path: ProjectSettings/TagManager.asset
  artifactKey: Guid(00000000000000003000000000000000) Importer(815301076,1909f56bfc062723c751e8b465ee728b)
Start importing ProjectSettings/TagManager.asset using Guid(00000000000000003000000000000000) Importer(815301076,1909f56bfc062723c751e8b465ee728b)  -> (artifact id: '3015ac748bb55999315780309806f67c') in 0.003030 seconds 
  Import took 0.006633 seconds .

========================================================================
Received Prepare
Registering precompiled user dll's ...
Registered in 0.003018 seconds.
Begin MonoManager ReloadAssembly
Native extension for WindowsStandalone target not found
Refreshing native plugins compatible for Editor in 0.48 ms, found 3 plugins.
Preloading 0 native plugins for Editor in 0.00 ms.
Mono: successfully reloaded assembly
- Completed reload, in  0.852 seconds
Platform modules already initialized, skipping
Refreshing native plugins compatible for Editor in 0.50 ms, found 3 plugins.
Preloading 0 native plugins for Editor in 0.00 ms.
Unloading 2104 Unused Serialized files (Serialized files now loaded: 0)
System memory in use before: 97.0 MB.
System memory in use after: 96.9 MB.

Unloading 23 unused Assets to reduce memory usage. Loaded Objects now: 2619.
Total: 1.913300 ms (FindLiveObjects: 0.179000 ms CreateObjectMapping: 0.078900 ms MarkObjects: 1.568800 ms  DeleteObjects: 0.086000 ms)

AssetImportParameters requested are different than current active one (requested -> active):
  custom:framework-win-MediaFoundation: 216162199b28c13a410421893ffa2e32 -> 
  custom:video-decoder-ogg-theora: a1e56fd34408186e4bbccfd4996cb3dc -> 
  custom:container-muxer-webm: aa71ff27fc2769a1b78a27578f13a17b -> 
  custom:container-demuxer-webm: 4f35f7cbe854078d1ac9338744f61a02 -> 
  custom:container-demuxer-ogg: 62fdf1f143b41e24485cea50d1cbac27 -> 
  custom:video-encoder-webm-vp8: eb34c28f22e8b96e1ab97ce403110664 -> 
  custom:video-decoder-webm-vp8: 9c59270c3fd7afecdb556c50c9e8de78 -> 
  custom:audio-decoder-ogg-vorbis: bf7c407c2cedff20999df2af8eb42d56 -> 
  custom:audio-encoder-webm-vorbis: bf7c407c2cedff20999df2af8eb42d56 -> 
========================================================================
Received Import Request.
  Time since last request: 619.457472 seconds.
  path: Assets/Simple Buttons/Buttons Style 6 (Square Green)/ButtonsStyle6_01.png
  artifactKey: Guid(a88d28a1d6de27c418fe34d102a2b296) Importer(815301076,1909f56bfc062723c751e8b465ee728b)
Start importing Assets/Simple Buttons/Buttons Style 6 (Square Green)/ButtonsStyle6_01.png using Guid(a88d28a1d6de27c418fe34d102a2b296) Importer(815301076,1909f56bfc062723c751e8b465ee728b)  -> (artifact id: '6e87f27decfd151736ad5c8be29e0c32') in 0.051342 seconds 
  Import took 0.073457 seconds .

========================================================================
Received Import Request.
  Time since last request: 60.077262 seconds.
  path: Assets/Simple Buttons/Buttons Style 6 (Square Green)/ButtonsStyle6_03.png
  artifactKey: Guid(d0717bde1bcc4024aacc57aa265b1a24) Importer(815301076,1909f56bfc062723c751e8b465ee728b)
Start importing Assets/Simple Buttons/Buttons Style 6 (Square Green)/ButtonsStyle6_03.png using Guid(d0717bde1bcc4024aacc57aa265b1a24) Importer(815301076,1909f56bfc062723c751e8b465ee728b)  -> (artifact id: '9fdabf1f2f191c8bff523ad9c0282ff9') in 0.012050 seconds 
  Import took 0.015270 seconds .

========================================================================
Received Import Request.
  Time since last request: 0.909487 seconds.
  path: Assets/Simple Buttons/Buttons Style 6 (Square Green)/ButtonsStyle6_02.png
  artifactKey: Guid(bb4595294ae3c924faccde948a58574d) Importer(815301076,1909f56bfc062723c751e8b465ee728b)
Start importing Assets/Simple Buttons/Buttons Style 6 (Square Green)/ButtonsStyle6_02.png using Guid(bb4595294ae3c924faccde948a58574d) Importer(815301076,1909f56bfc062723c751e8b465ee728b)  -> (artifact id: '808c6545b48106ae107afe0095885dd4') in 0.012812 seconds 
  Import took 0.016005 seconds .

========================================================================
Received Import Request.
  Time since last request: 9.744112 seconds.
  path: Assets/Simple Buttons/Buttons Style 6 (Square Green)/ButtonsStyle6_04.png
  artifactKey: Guid(14a973b32c42cf6488076425053f9327) Importer(815301076,1909f56bfc062723c751e8b465ee728b)
Start importing Assets/Simple Buttons/Buttons Style 6 (Square Green)/ButtonsStyle6_04.png using Guid(14a973b32c42cf6488076425053f9327) Importer(815301076,1909f56bfc062723c751e8b465ee728b)  -> (artifact id: 'd30760d84813c40bb5357c81e19109f9') in 0.012550 seconds 
  Import took 0.015578 seconds .

========================================================================
Received Import Request.
  Time since last request: 1.527886 seconds.
  path: Assets/Simple Buttons/Buttons Style 6 (Square Green)/ButtonsStyle6_01.png
  artifactKey: Guid(a88d28a1d6de27c418fe34d102a2b296) Importer(815301076,1909f56bfc062723c751e8b465ee728b)
Start importing Assets/Simple Buttons/Buttons Style 6 (Square Green)/ButtonsStyle6_01.png using Guid(a88d28a1d6de27c418fe34d102a2b296) Importer(815301076,1909f56bfc062723c751e8b465ee728b)  -> (artifact id: '2913c5cf8083036a0ede4f104dc5ec42') in 0.011865 seconds 
  Import took 0.025371 seconds .

========================================================================
Received Import Request.
  Time since last request: 5.370668 seconds.
  path: Assets/Simple Buttons/Buttons Style 6 (Square Green)/ButtonsStyle6_08.png
  artifactKey: Guid(a3333da72424e5f418a0cfa3317a4350) Importer(815301076,1909f56bfc062723c751e8b465ee728b)
Start importing Assets/Simple Buttons/Buttons Style 6 (Square Green)/ButtonsStyle6_08.png using Guid(a3333da72424e5f418a0cfa3317a4350) Importer(815301076,1909f56bfc062723c751e8b465ee728b)  -> (artifact id: 'cfb0765c22e6c0a7f76790a0af668f03') in 0.014320 seconds 
  Import took 0.018971 seconds .

========================================================================
Received Prepare
Registering precompiled user dll's ...
Registered in 0.003009 seconds.
Begin MonoManager ReloadAssembly
Native extension for WindowsStandalone target not found
Refreshing native plugins compatible for Editor in 0.66 ms, found 3 plugins.
Preloading 0 native plugins for Editor in 0.00 ms.
Mono: successfully reloaded assembly
- Completed reload, in  0.883 seconds
Platform modules already initialized, skipping
Refreshing native plugins compatible for Editor in 0.50 ms, found 3 plugins.
Preloading 0 native plugins for Editor in 0.00 ms.
Unloading 2117 Unused Serialized files (Serialized files now loaded: 0)
System memory in use before: 99.0 MB.
System memory in use after: 98.3 MB.

Unloading 34 unused Assets to reduce memory usage. Loaded Objects now: 2626.
Total: 2.254700 ms (FindLiveObjects: 0.203600 ms CreateObjectMapping: 0.089100 ms MarkObjects: 1.563500 ms  DeleteObjects: 0.397800 ms)

AssetImportParameters requested are different than current active one (requested -> active):
  custom:framework-win-MediaFoundation: 216162199b28c13a410421893ffa2e32 -> 
  custom:video-decoder-ogg-theora: a1e56fd34408186e4bbccfd4996cb3dc -> 
  custom:container-muxer-webm: aa71ff27fc2769a1b78a27578f13a17b -> 
  custom:container-demuxer-webm: 4f35f7cbe854078d1ac9338744f61a02 -> 
  custom:container-demuxer-ogg: 62fdf1f143b41e24485cea50d1cbac27 -> 
  custom:video-encoder-webm-vp8: eb34c28f22e8b96e1ab97ce403110664 -> 
  custom:video-decoder-webm-vp8: 9c59270c3fd7afecdb556c50c9e8de78 -> 
  custom:audio-decoder-ogg-vorbis: bf7c407c2cedff20999df2af8eb42d56 -> 
  custom:audio-encoder-webm-vorbis: bf7c407c2cedff20999df2af8eb42d56 -> 
========================================================================
Received Prepare
Registering precompiled user dll's ...
Registered in 0.003101 seconds.
Begin MonoManager ReloadAssembly
Native extension for WindowsStandalone target not found
Refreshing native plugins compatible for Editor in 0.57 ms, found 3 plugins.
Preloading 0 native plugins for Editor in 0.00 ms.
Mono: successfully reloaded assembly
- Completed reload, in  0.821 seconds
Platform modules already initialized, skipping
Refreshing native plugins compatible for Editor in 0.50 ms, found 3 plugins.
Preloading 0 native plugins for Editor in 0.00 ms.
Unloading 2117 Unused Serialized files (Serialized files now loaded: 0)
System memory in use before: 99.0 MB.
System memory in use after: 98.3 MB.

Unloading 34 unused Assets to reduce memory usage. Loaded Objects now: 2630.
Total: 2.155500 ms (FindLiveObjects: 0.187400 ms CreateObjectMapping: 0.075400 ms MarkObjects: 1.527300 ms  DeleteObjects: 0.364700 ms)

AssetImportParameters requested are different than current active one (requested -> active):
  custom:framework-win-MediaFoundation: 216162199b28c13a410421893ffa2e32 -> 
  custom:video-decoder-ogg-theora: a1e56fd34408186e4bbccfd4996cb3dc -> 
  custom:container-muxer-webm: aa71ff27fc2769a1b78a27578f13a17b -> 
  custom:container-demuxer-webm: 4f35f7cbe854078d1ac9338744f61a02 -> 
  custom:container-demuxer-ogg: 62fdf1f143b41e24485cea50d1cbac27 -> 
  custom:video-encoder-webm-vp8: eb34c28f22e8b96e1ab97ce403110664 -> 
  custom:video-decoder-webm-vp8: 9c59270c3fd7afecdb556c50c9e8de78 -> 
  custom:audio-decoder-ogg-vorbis: bf7c407c2cedff20999df2af8eb42d56 -> 
  custom:audio-encoder-webm-vorbis: bf7c407c2cedff20999df2af8eb42d56 -> 
AssetImportWorkerClient::OnTransportError - code=2 error=End of file
